






Started logging.

<<<
Content-Length: 3219

{"jsonrpc":"2.0","id":0,"method":"initialize","params":{"processId":10812,"clientInfo":{"name":"vscode","version":"1.50.0"},"rootPath":"c:\\Users\\jormaz\\Documents\\Arduino\\libraries\\Jormi_Pulsador\\ejemplo_Jormi_Pulsador_PullDown","rootUri":"file:///c%3A/Users/jormaz/Documents/Arduino/libraries/Jormi_Pulsador/ejemplo_Jormi_Pulsador_PullDown","capabilities":{"workspace":{"applyEdit":true,"workspaceEdit":{"documentChanges":true,"resourceOperations":["create","rename","delete"],"failureHandling":"textOnlyTransactional"},"didChangeConfiguration":{"dynamicRegistration":true},"didChangeWatchedFiles":{"dynamicRegistration":true},"symbol":{"dynamicRegistration":true,"symbolKind":{"valueSet":[1,2,3,4,5,6,7,8,9,10,11,12,13,14,15,16,17,18,19,20,21,22,23,24,25,26]}},"executeCommand":{"dynamicRegistration":true},"configuration":true,"workspaceFolders":true},"textDocument":{"publishDiagnostics":{"relatedInformation":true,"versionSupport":false,"tagSupport":{"valueSet":[1,2]}},"synchronization":{"dynamicRegistration":true,"willSave":true,"willSaveWaitUntil":true,"didSave":true},"completion":{"dynamicRegistration":true,"contextSupport":true,"completionItem":{"snippetSupport":true,"commitCharactersSupport":true,"documentationFormat":["markdown","plaintext"],"deprecatedSupport":true,"preselectSupport":true,"tagSupport":{"valueSet":[1]}},"completionItemKind":{"valueSet":[1,2,3,4,5,6,7,8,9,10,11,12,13,14,15,16,17,18,19,20,21,22,23,24,25]}},"hover":{"dynamicRegistration":true,"contentFormat":["markdown","plaintext"]},"signatureHelp":{"dynamicRegistration":true,"signatureInformation":{"documentationFormat":["markdown","plaintext"],"parameterInformation":{"labelOffsetSupport":true}},"contextSupport":true},"definition":{"dynamicRegistration":true,"linkSupport":true},"references":{"dynamicRegistration":true},"documentHighlight":{"dynamicRegistration":true},"documentSymbol":{"dynamicRegistration":true,"symbolKind":{"valueSet":[1,2,3,4,5,6,7,8,9,10,11,12,13,14,15,16,17,18,19,20,21,22,23,24,25,26]},"hierarchicalDocumentSymbolSupport":true},"codeAction":{"dynamicRegistration":true,"isPreferredSupport":true,"codeActionLiteralSupport":{"codeActionKind":{"valueSet":["","quickfix","refactor","refactor.extract","refactor.inline","refactor.rewrite","source","source.organizeImports"]}}},"codeLens":{"dynamicRegistration":true},"formatting":{"dynamicRegistration":true},"rangeFormatting":{"dynamicRegistration":true},"onTypeFormatting":{"dynamicRegistration":true},"rename":{"dynamicRegistration":true,"prepareSupport":true},"documentLink":{"dynamicRegistration":true,"tooltipSupport":true},"typeDefinition":{"dynamicRegistration":true,"linkSupport":true},"implementation":{"dynamicRegistration":true,"linkSupport":true},"colorProvider":{"dynamicRegistration":true},"foldingRange":{"dynamicRegistration":true,"rangeLimit":5000,"lineFoldingOnly":true},"declaration":{"dynamicRegistration":true,"linkSupport":true},"selectionRange":{"dynamicRegistration":true}},"window":{"workDoneProgress":true}},"initializationOptions":{},"trace":"off","workspaceFolders":[{"uri":"file:///c%3A/Users/jormaz/Documents/Arduino/libraries/Jormi_Pulsador/ejemplo_Jormi_Pulsador_PullDown","name":"ejemplo_Jormi_Pulsador_PullDown"}]}}
>>>
Content-Length: 598

{"id":0,"result":{"capabilities":{"textDocumentSync":2,"hoverProvider":true,"completionProvider":{"triggerCharacters":[".","\u003e",":"]},"signatureHelpProvider":{"triggerCharacters":["(",","]},"definitionProvider":true,"documentHighlightProvider":true,"documentSymbolProvider":true,"workspaceSymbolProvider":true,"codeActionProvider":true,"documentFormattingProvider":true,"documentRangeFormattingProvider":true,"documentOnTypeFormattingProvider":{"firstTriggerCharacter":"\n"},"renameProvider":false,"executeCommandProvider":{"commands":["clangd.applyFix","clangd.applyTweak"]}}},"jsonrpc":"2.0"}
<<<
Content-Length: 52

{"jsonrpc":"2.0","method":"initialized","params":{}}Content-Length: 1182

{"jsonrpc":"2.0","method":"textDocument/didOpen","params":{"textDocument":{"uri":"file:///c%3A/Users/jormaz/Documents/Arduino/libraries/Jormi_Pulsador/ejemplo_Jormi_Pulsador_PullDown/ejemplo_Jormi_Pulsador_PullDown.ino","languageId":"cpp","version":3,"text":"#include <Arduino.h>\r\n#include <Jormi_Pulsador.h>\r\n#include <Jormi_Led.h>\r\n#include <Jormi_Depura.h>\r\n\r\n\r\n/*\r\n * Define objetos y variables necesarias\r\n */\r\nJormi_Pulsador botoncillo(9, false); //pulsador en pin 7 y tipo PD\r\nJormi_Led miled(11);           //led en pin 6\r\nJormi_Depura mensaje;\r\n\r\n\r\n/*\r\n * ***********************\r\n */\r\nvoid setup() {\r\n  Serial.begin(9600);\r\n  mensaje.texto(\"Pull Down Botón\");\r\n  botoncillo.informacion();\r\n  \r\n    \r\n}\r\n\r\nvoid loop() {\r\n\r\n  botoncillo.update();\r\n  miled.update();\r\n\r\n  if( botoncillo.estado() )\r\n    miled.enciende();\r\n  else\r\n    miled.apaga();\r\n\r\n\r\n\r\n}\r\n\r\n\r\n//Codigo v0.2\r\n//  delay(300);\r\n//  bool estado = botoncillo.estadoPD();\r\n//  mensaje.xBool(\"Estado\", estado);\r\n//\r\n//  if( estado )\r\n//    miled.enciende();\r\n//  else\r\n//    miled.apaga();  \r\n//Fin codigo"}}}Content-Length: 339

{"jsonrpc":"2.0","id":1,"method":"textDocument/codeAction","params":{"textDocument":{"uri":"file:///c%3A/Users/jormaz/Documents/Arduino/libraries/Jormi_Pulsador/ejemplo_Jormi_Pulsador_PullDown/ejemplo_Jormi_Pulsador_PullDown.ino"},"range":{"start":{"line":10,"character":18},"end":{"line":10,"character":18}},"context":{"diagnostics":[]}}}
>>>
Content-Length: 111

{"method":"window/workDoneProgress/create","params":{"token":"backgroundIndexProgress"},"id":0,"jsonrpc":"2.0"}Content-Length: 36

{"id":1,"result":[],"jsonrpc":"2.0"}
<<<
Content-Length: 38

{"jsonrpc":"2.0","id":0,"result":null}
>>>
Content-Length: 143

{"method":"$/progress","params":{"token":"backgroundIndexProgress","value":{"title":"indexing","percentage":0,"kind":"begin"}},"jsonrpc":"2.0"}Content-Length: 159

{"method":"$/progress","params":{"token":"backgroundIndexProgress","value":{"message":"1/30","percentage":3.3333333333333335,"kind":"report"}},"jsonrpc":"2.0"}Content-Length: 158

{"method":"$/progress","params":{"token":"backgroundIndexProgress","value":{"message":"2/30","percentage":6.666666666666667,"kind":"report"}},"jsonrpc":"2.0"}Content-Length: 143

{"method":"$/progress","params":{"token":"backgroundIndexProgress","value":{"message":"3/30","percentage":10,"kind":"report"}},"jsonrpc":"2.0"}Content-Length: 159

{"method":"$/progress","params":{"token":"backgroundIndexProgress","value":{"message":"4/30","percentage":13.333333333333334,"kind":"report"}},"jsonrpc":"2.0"}Content-Length: 159

{"method":"$/progress","params":{"token":"backgroundIndexProgress","value":{"message":"5/30","percentage":16.666666666666668,"kind":"report"}},"jsonrpc":"2.0"}Content-Length: 143

{"method":"$/progress","params":{"token":"backgroundIndexProgress","value":{"message":"6/30","percentage":20,"kind":"report"}},"jsonrpc":"2.0"}Content-Length: 159

{"method":"$/progress","params":{"token":"backgroundIndexProgress","value":{"message":"7/30","percentage":23.333333333333332,"kind":"report"}},"jsonrpc":"2.0"}Content-Length: 159

{"method":"$/progress","params":{"token":"backgroundIndexProgress","value":{"message":"8/30","percentage":26.666666666666668,"kind":"report"}},"jsonrpc":"2.0"}Content-Length: 143

{"method":"$/progress","params":{"token":"backgroundIndexProgress","value":{"message":"9/30","percentage":30,"kind":"report"}},"jsonrpc":"2.0"}Content-Length: 160

{"method":"$/progress","params":{"token":"backgroundIndexProgress","value":{"message":"10/30","percentage":33.333333333333336,"kind":"report"}},"jsonrpc":"2.0"}Content-Length: 160

{"method":"$/progress","params":{"token":"backgroundIndexProgress","value":{"message":"11/30","percentage":36.666666666666664,"kind":"report"}},"jsonrpc":"2.0"}Content-Length: 144

{"method":"$/progress","params":{"token":"backgroundIndexProgress","value":{"message":"12/30","percentage":40,"kind":"report"}},"jsonrpc":"2.0"}Content-Length: 160

{"method":"$/progress","params":{"token":"backgroundIndexProgress","value":{"message":"13/30","percentage":43.333333333333336,"kind":"report"}},"jsonrpc":"2.0"}Content-Length: 160

{"method":"$/progress","params":{"token":"backgroundIndexProgress","value":{"message":"14/30","percentage":46.666666666666664,"kind":"report"}},"jsonrpc":"2.0"}Content-Length: 144

{"method":"$/progress","params":{"token":"backgroundIndexProgress","value":{"message":"15/30","percentage":50,"kind":"report"}},"jsonrpc":"2.0"}Content-Length: 160

{"method":"$/progress","params":{"token":"backgroundIndexProgress","value":{"message":"16/30","percentage":53.333333333333336,"kind":"report"}},"jsonrpc":"2.0"}Content-Length: 160

{"method":"$/progress","params":{"token":"backgroundIndexProgress","value":{"message":"17/30","percentage":56.666666666666664,"kind":"report"}},"jsonrpc":"2.0"}Content-Length: 144

{"method":"$/progress","params":{"token":"backgroundIndexProgress","value":{"message":"18/30","percentage":60,"kind":"report"}},"jsonrpc":"2.0"}Content-Length: 160

{"method":"$/progress","params":{"token":"backgroundIndexProgress","value":{"message":"19/30","percentage":63.333333333333336,"kind":"report"}},"jsonrpc":"2.0"}Content-Length: 159

{"method":"$/progress","params":{"token":"backgroundIndexProgress","value":{"message":"20/30","percentage":66.66666666666667,"kind":"report"}},"jsonrpc":"2.0"}Content-Length: 159

{"method":"$/progress","params":{"token":"backgroundIndexProgress","value":{"message":"20/30","percentage":66.66666666666667,"kind":"report"}},"jsonrpc":"2.0"}Content-Length: 144

{"method":"$/progress","params":{"token":"backgroundIndexProgress","value":{"message":"21/30","percentage":70,"kind":"report"}},"jsonrpc":"2.0"}Content-Length: 159

{"method":"$/progress","params":{"token":"backgroundIndexProgress","value":{"message":"22/30","percentage":73.33333333333333,"kind":"report"}},"jsonrpc":"2.0"}Content-Length: 159

{"method":"$/progress","params":{"token":"backgroundIndexProgress","value":{"message":"23/30","percentage":76.66666666666667,"kind":"report"}},"jsonrpc":"2.0"}Content-Length: 144

{"method":"$/progress","params":{"token":"backgroundIndexProgress","value":{"message":"24/30","percentage":80,"kind":"report"}},"jsonrpc":"2.0"}Content-Length: 159

{"method":"$/progress","params":{"token":"backgroundIndexProgress","value":{"message":"25/30","percentage":83.33333333333333,"kind":"report"}},"jsonrpc":"2.0"}Content-Length: 159

{"method":"$/progress","params":{"token":"backgroundIndexProgress","value":{"message":"26/30","percentage":86.66666666666667,"kind":"report"}},"jsonrpc":"2.0"}Content-Length: 144

{"method":"$/progress","params":{"token":"backgroundIndexProgress","value":{"message":"27/30","percentage":90,"kind":"report"}},"jsonrpc":"2.0"}Content-Length: 159

{"method":"$/progress","params":{"token":"backgroundIndexProgress","value":{"message":"28/30","percentage":93.33333333333333,"kind":"report"}},"jsonrpc":"2.0"}Content-Length: 159

{"method":"$/progress","params":{"token":"backgroundIndexProgress","value":{"message":"29/30","percentage":96.66666666666667,"kind":"report"}},"jsonrpc":"2.0"}Content-Length: 107

{"method":"$/progress","params":{"token":"backgroundIndexProgress","value":{"kind":"end"}},"jsonrpc":"2.0"}
<<<
Content-Length: 265

{"jsonrpc":"2.0","id":2,"method":"textDocument/hover","params":{"textDocument":{"uri":"file:///c%3A/Users/jormaz/Documents/Arduino/libraries/Jormi_Pulsador/ejemplo_Jormi_Pulsador_PullDown/ejemplo_Jormi_Pulsador_PullDown.ino"},"position":{"line":10,"character":16}}}
>>>
Content-Length: 38

{"id":2,"result":null,"jsonrpc":"2.0"}
<<<
Content-Length: 277

{"jsonrpc":"2.0","id":3,"method":"textDocument/documentHighlight","params":{"textDocument":{"uri":"file:///c%3A/Users/jormaz/Documents/Arduino/libraries/Jormi_Pulsador/ejemplo_Jormi_Pulsador_PullDown/ejemplo_Jormi_Pulsador_PullDown.ino"},"position":{"line":10,"character":16}}}
>>>
Content-Length: 124

{"id":3,"result":[{"range":{"start":{"line":10,"character":10},"end":{"line":10,"character":15}},"kind":1}],"jsonrpc":"2.0"}
<<<
Content-Length: 339

{"jsonrpc":"2.0","id":4,"method":"textDocument/codeAction","params":{"textDocument":{"uri":"file:///c%3A/Users/jormaz/Documents/Arduino/libraries/Jormi_Pulsador/ejemplo_Jormi_Pulsador_PullDown/ejemplo_Jormi_Pulsador_PullDown.ino"},"range":{"start":{"line":10,"character":16},"end":{"line":10,"character":18}},"context":{"diagnostics":[]}}}
>>>
Content-Length: 36

{"id":4,"result":[],"jsonrpc":"2.0"}
<<<
Content-Length: 265

{"jsonrpc":"2.0","id":5,"method":"textDocument/hover","params":{"textDocument":{"uri":"file:///c%3A/Users/jormaz/Documents/Arduino/libraries/Jormi_Pulsador/ejemplo_Jormi_Pulsador_PullDown/ejemplo_Jormi_Pulsador_PullDown.ino"},"position":{"line":10,"character":17}}}
>>>
Content-Length: 38

{"id":5,"result":null,"jsonrpc":"2.0"}
<<<
Content-Length: 339

{"jsonrpc":"2.0","id":6,"method":"textDocument/codeAction","params":{"textDocument":{"uri":"file:///c%3A/Users/jormaz/Documents/Arduino/libraries/Jormi_Pulsador/ejemplo_Jormi_Pulsador_PullDown/ejemplo_Jormi_Pulsador_PullDown.ino"},"range":{"start":{"line":10,"character":18},"end":{"line":10,"character":18}},"context":{"diagnostics":[]}}}
>>>
Content-Length: 36

{"id":6,"result":[],"jsonrpc":"2.0"}
<<<
Content-Length: 265

{"jsonrpc":"2.0","id":7,"method":"textDocument/hover","params":{"textDocument":{"uri":"file:///c%3A/Users/jormaz/Documents/Arduino/libraries/Jormi_Pulsador/ejemplo_Jormi_Pulsador_PullDown/ejemplo_Jormi_Pulsador_PullDown.ino"},"position":{"line":10,"character":17}}}
>>>
Content-Length: 38

{"id":7,"result":null,"jsonrpc":"2.0"}
<<<
Content-Length: 265

{"jsonrpc":"2.0","id":8,"method":"textDocument/hover","params":{"textDocument":{"uri":"file:///c%3A/Users/jormaz/Documents/Arduino/libraries/Jormi_Pulsador/ejemplo_Jormi_Pulsador_PullDown/ejemplo_Jormi_Pulsador_PullDown.ino"},"position":{"line":10,"character":16}}}
>>>
Content-Length: 38

{"id":8,"result":null,"jsonrpc":"2.0"}
<<<
Content-Length: 277

{"jsonrpc":"2.0","id":9,"method":"textDocument/documentHighlight","params":{"textDocument":{"uri":"file:///c%3A/Users/jormaz/Documents/Arduino/libraries/Jormi_Pulsador/ejemplo_Jormi_Pulsador_PullDown/ejemplo_Jormi_Pulsador_PullDown.ino"},"position":{"line":10,"character":17}}}
>>>
Content-Length: 36

{"id":9,"result":[],"jsonrpc":"2.0"}
<<<
Content-Length: 340

{"jsonrpc":"2.0","id":10,"method":"textDocument/codeAction","params":{"textDocument":{"uri":"file:///c%3A/Users/jormaz/Documents/Arduino/libraries/Jormi_Pulsador/ejemplo_Jormi_Pulsador_PullDown/ejemplo_Jormi_Pulsador_PullDown.ino"},"range":{"start":{"line":10,"character":17},"end":{"line":10,"character":18}},"context":{"diagnostics":[]}}}
>>>
Content-Length: 37

{"id":10,"result":[],"jsonrpc":"2.0"}
<<<
Content-Length: 266

{"jsonrpc":"2.0","id":11,"method":"textDocument/hover","params":{"textDocument":{"uri":"file:///c%3A/Users/jormaz/Documents/Arduino/libraries/Jormi_Pulsador/ejemplo_Jormi_Pulsador_PullDown/ejemplo_Jormi_Pulsador_PullDown.ino"},"position":{"line":10,"character":17}}}
>>>
Content-Length: 39

{"id":11,"result":null,"jsonrpc":"2.0"}
<<<
Content-Length: 266

{"jsonrpc":"2.0","id":12,"method":"textDocument/hover","params":{"textDocument":{"uri":"file:///c%3A/Users/jormaz/Documents/Arduino/libraries/Jormi_Pulsador/ejemplo_Jormi_Pulsador_PullDown/ejemplo_Jormi_Pulsador_PullDown.ino"},"position":{"line":10,"character":17}}}
>>>
Content-Length: 39

{"id":12,"result":null,"jsonrpc":"2.0"}
<<<
Content-Length: 266

{"jsonrpc":"2.0","id":13,"method":"textDocument/hover","params":{"textDocument":{"uri":"file:///c%3A/Users/jormaz/Documents/Arduino/libraries/Jormi_Pulsador/ejemplo_Jormi_Pulsador_PullDown/ejemplo_Jormi_Pulsador_PullDown.ino"},"position":{"line":10,"character":17}}}
>>>
Content-Length: 39

{"id":13,"result":null,"jsonrpc":"2.0"}
<<<
Content-Length: 266

{"jsonrpc":"2.0","id":14,"method":"textDocument/hover","params":{"textDocument":{"uri":"file:///c%3A/Users/jormaz/Documents/Arduino/libraries/Jormi_Pulsador/ejemplo_Jormi_Pulsador_PullDown/ejemplo_Jormi_Pulsador_PullDown.ino"},"position":{"line":10,"character":17}}}
>>>
Content-Length: 39

{"id":14,"result":null,"jsonrpc":"2.0"}
<<<
Content-Length: 266

{"jsonrpc":"2.0","id":15,"method":"textDocument/hover","params":{"textDocument":{"uri":"file:///c%3A/Users/jormaz/Documents/Arduino/libraries/Jormi_Pulsador/ejemplo_Jormi_Pulsador_PullDown/ejemplo_Jormi_Pulsador_PullDown.ino"},"position":{"line":10,"character":17}}}
>>>
Content-Length: 39

{"id":15,"result":null,"jsonrpc":"2.0"}
<<<
Content-Length: 266

{"jsonrpc":"2.0","id":16,"method":"textDocument/hover","params":{"textDocument":{"uri":"file:///c%3A/Users/jormaz/Documents/Arduino/libraries/Jormi_Pulsador/ejemplo_Jormi_Pulsador_PullDown/ejemplo_Jormi_Pulsador_PullDown.ino"},"position":{"line":10,"character":37}}}
>>>
Content-Length: 39

{"id":16,"result":null,"jsonrpc":"2.0"}
<<<
Content-Length: 266

{"jsonrpc":"2.0","id":17,"method":"textDocument/hover","params":{"textDocument":{"uri":"file:///c%3A/Users/jormaz/Documents/Arduino/libraries/Jormi_Pulsador/ejemplo_Jormi_Pulsador_PullDown/ejemplo_Jormi_Pulsador_PullDown.ino"},"position":{"line":10,"character":35}}}
>>>
Content-Length: 39

{"id":17,"result":null,"jsonrpc":"2.0"}
<<<
Content-Length: 362

{"jsonrpc":"2.0","method":"textDocument/didChange","params":{"textDocument":{"uri":"file:///c%3A/Users/jormaz/Documents/Arduino/libraries/Jormi_Pulsador/ejemplo_Jormi_Pulsador_PullDown/ejemplo_Jormi_Pulsador_PullDown.ino","version":4},"contentChanges":[{"range":{"start":{"line":10,"character":17},"end":{"line":10,"character":18}},"rangeLength":1,"text":"3"}]}}Content-Length: 340

{"jsonrpc":"2.0","id":18,"method":"textDocument/codeAction","params":{"textDocument":{"uri":"file:///c%3A/Users/jormaz/Documents/Arduino/libraries/Jormi_Pulsador/ejemplo_Jormi_Pulsador_PullDown/ejemplo_Jormi_Pulsador_PullDown.ino"},"range":{"start":{"line":10,"character":18},"end":{"line":10,"character":18}},"context":{"diagnostics":[]}}}
>>>
Content-Length: 37

{"id":18,"result":[],"jsonrpc":"2.0"}
<<<
Content-Length: 234

{"jsonrpc":"2.0","method":"textDocument/didSave","params":{"textDocument":{"uri":"file:///c%3A/Users/jormaz/Documents/Arduino/libraries/Jormi_Pulsador/ejemplo_Jormi_Pulsador_PullDown/ejemplo_Jormi_Pulsador_PullDown.ino","version":4}}}
>>>
Content-Length: 116

{"method":"window/workDoneProgress/create","params":{"token":"arduinoLanguageServerRebuild"},"id":1,"jsonrpc":"2.0"}
<<<
Content-Length: 38

{"jsonrpc":"2.0","id":1,"result":null}
>>>
Content-Length: 140

{"method":"$/progress","params":{"token":"arduinoLanguageServerRebuild","value":{"title":"Building sketch","kind":"begin"}},"jsonrpc":"2.0"}Content-Length: 138

{"method":"$/progress","params":{"token":"arduinoLanguageServerRebuild","value":{"message":"compiling.","kind":"report"}},"jsonrpc":"2.0"}Content-Length: 139

{"method":"$/progress","params":{"token":"arduinoLanguageServerRebuild","value":{"message":"compiling..","kind":"report"}},"jsonrpc":"2.0"}Content-Length: 140

{"method":"$/progress","params":{"token":"arduinoLanguageServerRebuild","value":{"message":"compiling...","kind":"report"}},"jsonrpc":"2.0"}
<<<
Content-Length: 266

{"jsonrpc":"2.0","id":19,"method":"textDocument/hover","params":{"textDocument":{"uri":"file:///c%3A/Users/jormaz/Documents/Arduino/libraries/Jormi_Pulsador/ejemplo_Jormi_Pulsador_PullDown/ejemplo_Jormi_Pulsador_PullDown.ino"},"position":{"line":15,"character":23}}}
>>>
Content-Length: 138

{"method":"$/progress","params":{"token":"arduinoLanguageServerRebuild","value":{"message":"compiling.","kind":"report"}},"jsonrpc":"2.0"}Content-Length: 139

{"method":"$/progress","params":{"token":"arduinoLanguageServerRebuild","value":{"message":"compiling..","kind":"report"}},"jsonrpc":"2.0"}Content-Length: 140

{"method":"$/progress","params":{"token":"arduinoLanguageServerRebuild","value":{"message":"compiling...","kind":"report"}},"jsonrpc":"2.0"}Content-Length: 138

{"method":"$/progress","params":{"token":"arduinoLanguageServerRebuild","value":{"message":"compiling.","kind":"report"}},"jsonrpc":"2.0"}Content-Length: 139

{"method":"$/progress","params":{"token":"arduinoLanguageServerRebuild","value":{"message":"compiling..","kind":"report"}},"jsonrpc":"2.0"}Content-Length: 140

{"method":"$/progress","params":{"token":"arduinoLanguageServerRebuild","value":{"message":"compiling...","kind":"report"}},"jsonrpc":"2.0"}Content-Length: 129

{"method":"$/progress","params":{"token":"arduinoLanguageServerRebuild","value":{"message":"done","kind":"end"}},"jsonrpc":"2.0"}Content-Length: 111

{"method":"window/workDoneProgress/create","params":{"token":"backgroundIndexProgress"},"id":2,"jsonrpc":"2.0"}Content-Length: 39

{"id":19,"result":null,"jsonrpc":"2.0"}
<<<
Content-Length: 63

{"jsonrpc":"2.0","method":"$/cancelRequest","params":{"id":19}}Content-Length: 38

{"jsonrpc":"2.0","id":2,"result":null}
>>>
Content-Length: 143

{"method":"$/progress","params":{"token":"backgroundIndexProgress","value":{"title":"indexing","percentage":0,"kind":"begin"}},"jsonrpc":"2.0"}Content-Length: 107

{"method":"$/progress","params":{"token":"backgroundIndexProgress","value":{"kind":"end"}},"jsonrpc":"2.0"}
<<<
Content-Length: 266

{"jsonrpc":"2.0","id":20,"method":"textDocument/hover","params":{"textDocument":{"uri":"file:///c%3A/Users/jormaz/Documents/Arduino/libraries/Jormi_Pulsador/ejemplo_Jormi_Pulsador_PullDown/ejemplo_Jormi_Pulsador_PullDown.ino"},"position":{"line":15,"character":21}}}
>>>
Content-Length: 39

{"id":20,"result":null,"jsonrpc":"2.0"}
<<<
Content-Length: 338

{"jsonrpc":"2.0","id":21,"method":"textDocument/codeAction","params":{"textDocument":{"uri":"file:///c%3A/Users/jormaz/Documents/Arduino/libraries/Jormi_Pulsador/ejemplo_Jormi_Pulsador_PullDown/ejemplo_Jormi_Pulsador_PullDown.ino"},"range":{"start":{"line":23,"character":1},"end":{"line":23,"character":1}},"context":{"diagnostics":[]}}}
>>>
Content-Length: 37

{"id":21,"result":[],"jsonrpc":"2.0"}
<<<
Content-Length: 265

{"jsonrpc":"2.0","id":22,"method":"textDocument/hover","params":{"textDocument":{"uri":"file:///c%3A/Users/jormaz/Documents/Arduino/libraries/Jormi_Pulsador/ejemplo_Jormi_Pulsador_PullDown/ejemplo_Jormi_Pulsador_PullDown.ino"},"position":{"line":31,"character":4}}}
>>>
Content-Length: 267

{"id":22,"result":{"contents":{"kind":"markdown","value":"### variable `miled`  \n\n---\nType: `class Jormi_Led`  \nled en pin 6  \n\n---\n```cpp\nJormi_Led miled(13)\n```"},"range":{"start":{"line":37,"character":4},"end":{"line":37,"character":9}}},"jsonrpc":"2.0"}
<<<
Content-Length: 277

{"jsonrpc":"2.0","id":23,"method":"textDocument/documentHighlight","params":{"textDocument":{"uri":"file:///c%3A/Users/jormaz/Documents/Arduino/libraries/Jormi_Pulsador/ejemplo_Jormi_Pulsador_PullDown/ejemplo_Jormi_Pulsador_PullDown.ino"},"position":{"line":31,"character":4}}}
>>>
Content-Length: 386

{"id":23,"result":[{"range":{"start":{"line":10,"character":10},"end":{"line":10,"character":15}},"kind":1},{"range":{"start":{"line":28,"character":2},"end":{"line":28,"character":7}},"kind":1},{"range":{"start":{"line":31,"character":4},"end":{"line":31,"character":9}},"kind":1},{"range":{"start":{"line":33,"character":4},"end":{"line":33,"character":9}},"kind":1}],"jsonrpc":"2.0"}
<<<
Content-Length: 338

{"jsonrpc":"2.0","id":24,"method":"textDocument/codeAction","params":{"textDocument":{"uri":"file:///c%3A/Users/jormaz/Documents/Arduino/libraries/Jormi_Pulsador/ejemplo_Jormi_Pulsador_PullDown/ejemplo_Jormi_Pulsador_PullDown.ino"},"range":{"start":{"line":31,"character":4},"end":{"line":31,"character":4}},"context":{"diagnostics":[]}}}
>>>
Content-Length: 37

{"id":24,"result":[],"jsonrpc":"2.0"}
<<<
Content-Length: 266

{"jsonrpc":"2.0","id":25,"method":"textDocument/hover","params":{"textDocument":{"uri":"file:///c%3A/Users/jormaz/Documents/Arduino/libraries/Jormi_Pulsador/ejemplo_Jormi_Pulsador_PullDown/ejemplo_Jormi_Pulsador_PullDown.ino"},"position":{"line":31,"character":12}}}
>>>
Content-Length: 314

{"id":25,"result":{"contents":{"kind":"markdown","value":"### instance-method `enciende`  \n\n---\n→ `void`  \nEnciende Enciende el led (valor = HIGH)  \n\n---\n```cpp\n// In Jormi_Led\npublic: void enciende()\n```"},"range":{"start":{"line":37,"character":10},"end":{"line":37,"character":18}}},"jsonrpc":"2.0"}
<<<
Content-Length: 340

{"jsonrpc":"2.0","id":26,"method":"textDocument/codeAction","params":{"textDocument":{"uri":"file:///c%3A/Users/jormaz/Documents/Arduino/libraries/Jormi_Pulsador/ejemplo_Jormi_Pulsador_PullDown/ejemplo_Jormi_Pulsador_PullDown.ino"},"range":{"start":{"line":33,"character":18},"end":{"line":33,"character":18}},"context":{"diagnostics":[]}}}
>>>
Content-Length: 37

{"id":26,"result":[],"jsonrpc":"2.0"}
<<<
Content-Length: 265

{"jsonrpc":"2.0","id":27,"method":"textDocument/hover","params":{"textDocument":{"uri":"file:///c%3A/Users/jormaz/Documents/Arduino/libraries/Jormi_Pulsador/ejemplo_Jormi_Pulsador_PullDown/ejemplo_Jormi_Pulsador_PullDown.ino"},"position":{"line":30,"character":2}}}
>>>
Content-Length: 39

{"id":27,"result":null,"jsonrpc":"2.0"}
<<<
Content-Length: 265

{"jsonrpc":"2.0","id":28,"method":"textDocument/hover","params":{"textDocument":{"uri":"file:///c%3A/Users/jormaz/Documents/Arduino/libraries/Jormi_Pulsador/ejemplo_Jormi_Pulsador_PullDown/ejemplo_Jormi_Pulsador_PullDown.ino"},"position":{"line":31,"character":2}}}
>>>
Content-Length: 39

{"id":28,"result":null,"jsonrpc":"2.0"}
<<<
Content-Length: 265

{"jsonrpc":"2.0","id":29,"method":"textDocument/hover","params":{"textDocument":{"uri":"file:///c%3A/Users/jormaz/Documents/Arduino/libraries/Jormi_Pulsador/ejemplo_Jormi_Pulsador_PullDown/ejemplo_Jormi_Pulsador_PullDown.ino"},"position":{"line":31,"character":3}}}
>>>
Content-Length: 39

{"id":29,"result":null,"jsonrpc":"2.0"}
<<<
Content-Length: 277

{"jsonrpc":"2.0","id":30,"method":"textDocument/documentHighlight","params":{"textDocument":{"uri":"file:///c%3A/Users/jormaz/Documents/Arduino/libraries/Jormi_Pulsador/ejemplo_Jormi_Pulsador_PullDown/ejemplo_Jormi_Pulsador_PullDown.ino"},"position":{"line":31,"character":4}}}
>>>
Content-Length: 386

{"id":30,"result":[{"range":{"start":{"line":10,"character":10},"end":{"line":10,"character":15}},"kind":1},{"range":{"start":{"line":28,"character":2},"end":{"line":28,"character":7}},"kind":1},{"range":{"start":{"line":31,"character":4},"end":{"line":31,"character":9}},"kind":1},{"range":{"start":{"line":33,"character":4},"end":{"line":33,"character":9}},"kind":1}],"jsonrpc":"2.0"}
<<<
Content-Length: 338

{"jsonrpc":"2.0","id":31,"method":"textDocument/codeAction","params":{"textDocument":{"uri":"file:///c%3A/Users/jormaz/Documents/Arduino/libraries/Jormi_Pulsador/ejemplo_Jormi_Pulsador_PullDown/ejemplo_Jormi_Pulsador_PullDown.ino"},"range":{"start":{"line":31,"character":4},"end":{"line":31,"character":4}},"context":{"diagnostics":[]}}}
>>>
Content-Length: 37

{"id":31,"result":[],"jsonrpc":"2.0"}
<<<
Content-Length: 265

{"jsonrpc":"2.0","id":32,"method":"textDocument/hover","params":{"textDocument":{"uri":"file:///c%3A/Users/jormaz/Documents/Arduino/libraries/Jormi_Pulsador/ejemplo_Jormi_Pulsador_PullDown/ejemplo_Jormi_Pulsador_PullDown.ino"},"position":{"line":31,"character":3}}}
>>>
Content-Length: 39

{"id":32,"result":null,"jsonrpc":"2.0"}
<<<
Content-Length: 265

{"jsonrpc":"2.0","id":33,"method":"textDocument/hover","params":{"textDocument":{"uri":"file:///c%3A/Users/jormaz/Documents/Arduino/libraries/Jormi_Pulsador/ejemplo_Jormi_Pulsador_PullDown/ejemplo_Jormi_Pulsador_PullDown.ino"},"position":{"line":31,"character":3}}}
>>>
Content-Length: 39

{"id":33,"result":null,"jsonrpc":"2.0"}
<<<
Content-Length: 265

{"jsonrpc":"2.0","id":34,"method":"textDocument/hover","params":{"textDocument":{"uri":"file:///c%3A/Users/jormaz/Documents/Arduino/libraries/Jormi_Pulsador/ejemplo_Jormi_Pulsador_PullDown/ejemplo_Jormi_Pulsador_PullDown.ino"},"position":{"line":30,"character":3}}}
>>>
Content-Length: 39

{"id":34,"result":null,"jsonrpc":"2.0"}
<<<
Content-Length: 265

{"jsonrpc":"2.0","id":35,"method":"textDocument/hover","params":{"textDocument":{"uri":"file:///c%3A/Users/jormaz/Documents/Arduino/libraries/Jormi_Pulsador/ejemplo_Jormi_Pulsador_PullDown/ejemplo_Jormi_Pulsador_PullDown.ino"},"position":{"line":31,"character":3}}}
>>>
Content-Length: 39

{"id":35,"result":null,"jsonrpc":"2.0"}
<<<
Content-Length: 265

{"jsonrpc":"2.0","id":36,"method":"textDocument/hover","params":{"textDocument":{"uri":"file:///c%3A/Users/jormaz/Documents/Arduino/libraries/Jormi_Pulsador/ejemplo_Jormi_Pulsador_PullDown/ejemplo_Jormi_Pulsador_PullDown.ino"},"position":{"line":31,"character":4}}}
>>>
Content-Length: 267

{"id":36,"result":{"contents":{"kind":"markdown","value":"### variable `miled`  \n\n---\nType: `class Jormi_Led`  \nled en pin 6  \n\n---\n```cpp\nJormi_Led miled(13)\n```"},"range":{"start":{"line":37,"character":4},"end":{"line":37,"character":9}}},"jsonrpc":"2.0"}
<<<
Content-Length: 266

{"jsonrpc":"2.0","id":37,"method":"textDocument/hover","params":{"textDocument":{"uri":"file:///c%3A/Users/jormaz/Documents/Arduino/libraries/Jormi_Pulsador/ejemplo_Jormi_Pulsador_PullDown/ejemplo_Jormi_Pulsador_PullDown.ino"},"position":{"line":10,"character":17}}}
>>>
Content-Length: 39

{"id":37,"result":null,"jsonrpc":"2.0"}
<<<
Content-Length: 278

{"jsonrpc":"2.0","id":38,"method":"textDocument/documentHighlight","params":{"textDocument":{"uri":"file:///c%3A/Users/jormaz/Documents/Arduino/libraries/Jormi_Pulsador/ejemplo_Jormi_Pulsador_PullDown/ejemplo_Jormi_Pulsador_PullDown.ino"},"position":{"line":10,"character":18}}}
>>>
Content-Length: 125

{"id":38,"result":[{"range":{"start":{"line":10,"character":10},"end":{"line":10,"character":15}},"kind":1}],"jsonrpc":"2.0"}
<<<
Content-Length: 340

{"jsonrpc":"2.0","id":39,"method":"textDocument/codeAction","params":{"textDocument":{"uri":"file:///c%3A/Users/jormaz/Documents/Arduino/libraries/Jormi_Pulsador/ejemplo_Jormi_Pulsador_PullDown/ejemplo_Jormi_Pulsador_PullDown.ino"},"range":{"start":{"line":10,"character":18},"end":{"line":10,"character":18}},"context":{"diagnostics":[]}}}
>>>
Content-Length: 37

{"id":39,"result":[],"jsonrpc":"2.0"}
<<<
Content-Length: 266

{"jsonrpc":"2.0","id":40,"method":"textDocument/hover","params":{"textDocument":{"uri":"file:///c%3A/Users/jormaz/Documents/Arduino/libraries/Jormi_Pulsador/ejemplo_Jormi_Pulsador_PullDown/ejemplo_Jormi_Pulsador_PullDown.ino"},"position":{"line":10,"character":18}}}
>>>
Content-Length: 297

{"id":40,"result":{"contents":{"kind":"markdown","value":"### constructor `Jormi_Led`  \n\n---\nConstructor, inicio con led apagado  \n\n---\n```cpp\n// In Jormi_Led\npublic: Jormi_Led(byte pin)\n```"},"range":{"start":{"line":11,"character":18},"end":{"line":11,"character":19}}},"jsonrpc":"2.0"}
<<<
Content-Length: 361

{"jsonrpc":"2.0","method":"textDocument/didChange","params":{"textDocument":{"uri":"file:///c%3A/Users/jormaz/Documents/Arduino/libraries/Jormi_Pulsador/ejemplo_Jormi_Pulsador_PullDown/ejemplo_Jormi_Pulsador_PullDown.ino","version":5},"contentChanges":[{"range":{"start":{"line":10,"character":17},"end":{"line":10,"character":18}},"rangeLength":1,"text":""}]}}Content-Length: 340

{"jsonrpc":"2.0","id":41,"method":"textDocument/codeAction","params":{"textDocument":{"uri":"file:///c%3A/Users/jormaz/Documents/Arduino/libraries/Jormi_Pulsador/ejemplo_Jormi_Pulsador_PullDown/ejemplo_Jormi_Pulsador_PullDown.ino"},"range":{"start":{"line":10,"character":17},"end":{"line":10,"character":17}},"context":{"diagnostics":[]}}}
>>>
Content-Length: 37

{"id":41,"result":[],"jsonrpc":"2.0"}
<<<
Content-Length: 266

{"jsonrpc":"2.0","id":42,"method":"textDocument/hover","params":{"textDocument":{"uri":"file:///c%3A/Users/jormaz/Documents/Arduino/libraries/Jormi_Pulsador/ejemplo_Jormi_Pulsador_PullDown/ejemplo_Jormi_Pulsador_PullDown.ino"},"position":{"line":10,"character":18}}}
>>>
Content-Length: 297

{"id":42,"result":{"contents":{"kind":"markdown","value":"### constructor `Jormi_Led`  \n\n---\nConstructor, inicio con led apagado  \n\n---\n```cpp\n// In Jormi_Led\npublic: Jormi_Led(byte pin)\n```"},"range":{"start":{"line":11,"character":18},"end":{"line":11,"character":19}}},"jsonrpc":"2.0"}
<<<
Content-Length: 234

{"jsonrpc":"2.0","method":"textDocument/didSave","params":{"textDocument":{"uri":"file:///c%3A/Users/jormaz/Documents/Arduino/libraries/Jormi_Pulsador/ejemplo_Jormi_Pulsador_PullDown/ejemplo_Jormi_Pulsador_PullDown.ino","version":5}}}Content-Length: 361

{"jsonrpc":"2.0","method":"textDocument/didChange","params":{"textDocument":{"uri":"file:///c%3A/Users/jormaz/Documents/Arduino/libraries/Jormi_Pulsador/ejemplo_Jormi_Pulsador_PullDown/ejemplo_Jormi_Pulsador_PullDown.ino","version":6},"contentChanges":[{"range":{"start":{"line":10,"character":16},"end":{"line":10,"character":17}},"rangeLength":1,"text":""}]}}
>>>
Content-Length: 1015

{"method":"textDocument/publishDiagnostics","params":{"uri":"file:///c%3A/Users/jormaz/Documents/Arduino/libraries/Jormi_Pulsador/ejemplo_Jormi_Pulsador_PullDown/ejemplo_Jormi_Pulsador_PullDown.ino","diagnostics":[{"range":{"start":{"line":28,"character":2},"end":{"line":28,"character":7}},"severity":1,"code":"member_reference_needs_call","source":"clang","message":"Base of member reference is a function; perhaps you meant to call it with no arguments? (fix available)"},{"range":{"start":{"line":31,"character":4},"end":{"line":31,"character":9}},"severity":1,"code":"member_reference_needs_call","source":"clang","message":"Base of member reference is a function; perhaps you meant to call it with no arguments? (fix available)"},{"range":{"start":{"line":33,"character":4},"end":{"line":33,"character":9}},"severity":1,"code":"member_reference_needs_call","source":"clang","message":"Base of member reference is a function; perhaps you meant to call it with no arguments? (fix available)"}]},"jsonrpc":"2.0"}
<<<
Content-Length: 340

{"jsonrpc":"2.0","id":43,"method":"textDocument/codeAction","params":{"textDocument":{"uri":"file:///c%3A/Users/jormaz/Documents/Arduino/libraries/Jormi_Pulsador/ejemplo_Jormi_Pulsador_PullDown/ejemplo_Jormi_Pulsador_PullDown.ino"},"range":{"start":{"line":10,"character":16},"end":{"line":10,"character":16}},"context":{"diagnostics":[]}}}
>>>
Content-Length: 37

{"id":43,"result":[],"jsonrpc":"2.0"}
<<<
Content-Length: 266

{"jsonrpc":"2.0","id":44,"method":"textDocument/hover","params":{"textDocument":{"uri":"file:///c%3A/Users/jormaz/Documents/Arduino/libraries/Jormi_Pulsador/ejemplo_Jormi_Pulsador_PullDown/ejemplo_Jormi_Pulsador_PullDown.ino"},"position":{"line":10,"character":18}}}
>>>
Content-Length: 39

{"id":44,"result":null,"jsonrpc":"2.0"}
<<<
Content-Length: 234

{"jsonrpc":"2.0","method":"textDocument/didSave","params":{"textDocument":{"uri":"file:///c%3A/Users/jormaz/Documents/Arduino/libraries/Jormi_Pulsador/ejemplo_Jormi_Pulsador_PullDown/ejemplo_Jormi_Pulsador_PullDown.ino","version":6}}}Content-Length: 340

{"jsonrpc":"2.0","id":45,"method":"textDocument/codeAction","params":{"textDocument":{"uri":"file:///c%3A/Users/jormaz/Documents/Arduino/libraries/Jormi_Pulsador/ejemplo_Jormi_Pulsador_PullDown/ejemplo_Jormi_Pulsador_PullDown.ino"},"range":{"start":{"line":10,"character":16},"end":{"line":10,"character":16}},"context":{"diagnostics":[]}}}
>>>
Content-Length: 37

{"id":45,"result":[],"jsonrpc":"2.0"}
<<<
Content-Length: 265

{"jsonrpc":"2.0","id":46,"method":"textDocument/hover","params":{"textDocument":{"uri":"file:///c%3A/Users/jormaz/Documents/Arduino/libraries/Jormi_Pulsador/ejemplo_Jormi_Pulsador_PullDown/ejemplo_Jormi_Pulsador_PullDown.ino"},"position":{"line":9,"character":27}}}
>>>
Content-Length: 307

{"id":46,"result":{"contents":{"kind":"markdown","value":"### constructor `Jormi_Pulsador`  \n\n---\nConstructor int pin  \n\n---\n```cpp\n// In Jormi_Pulsador\npublic: Jormi_Pulsador(byte pin, bool tipo)\n```"},"range":{"start":{"line":10,"character":27},"end":{"line":10,"character":28}}},"jsonrpc":"2.0"}
<<<
Content-Length: 265

{"jsonrpc":"2.0","id":47,"method":"textDocument/hover","params":{"textDocument":{"uri":"file:///c%3A/Users/jormaz/Documents/Arduino/libraries/Jormi_Pulsador/ejemplo_Jormi_Pulsador_PullDown/ejemplo_Jormi_Pulsador_PullDown.ino"},"position":{"line":9,"character":25}}}
>>>
Content-Length: 307

{"id":47,"result":{"contents":{"kind":"markdown","value":"### constructor `Jormi_Pulsador`  \n\n---\nConstructor int pin  \n\n---\n```cpp\n// In Jormi_Pulsador\npublic: Jormi_Pulsador(byte pin, bool tipo)\n```"},"range":{"start":{"line":10,"character":15},"end":{"line":10,"character":25}}},"jsonrpc":"2.0"}
<<<
Content-Length: 266

{"jsonrpc":"2.0","id":48,"method":"textDocument/hover","params":{"textDocument":{"uri":"file:///c%3A/Users/jormaz/Documents/Arduino/libraries/Jormi_Pulsador/ejemplo_Jormi_Pulsador_PullDown/ejemplo_Jormi_Pulsador_PullDown.ino"},"position":{"line":10,"character":25}}}
>>>
Content-Length: 39

{"id":48,"result":null,"jsonrpc":"2.0"}
<<<
Content-Length: 277

{"jsonrpc":"2.0","id":49,"method":"textDocument/documentHighlight","params":{"textDocument":{"uri":"file:///c%3A/Users/jormaz/Documents/Arduino/libraries/Jormi_Pulsador/ejemplo_Jormi_Pulsador_PullDown/ejemplo_Jormi_Pulsador_PullDown.ino"},"position":{"line":9,"character":26}}}
>>>
Content-Length: 123

{"id":49,"result":[{"range":{"start":{"line":9,"character":15},"end":{"line":9,"character":25}},"kind":1}],"jsonrpc":"2.0"}
<<<
Content-Length: 338

{"jsonrpc":"2.0","id":50,"method":"textDocument/codeAction","params":{"textDocument":{"uri":"file:///c%3A/Users/jormaz/Documents/Arduino/libraries/Jormi_Pulsador/ejemplo_Jormi_Pulsador_PullDown/ejemplo_Jormi_Pulsador_PullDown.ino"},"range":{"start":{"line":9,"character":26},"end":{"line":9,"character":27}},"context":{"diagnostics":[]}}}
>>>
Content-Length: 37

{"id":50,"result":[],"jsonrpc":"2.0"}
<<<
Content-Length: 265

{"jsonrpc":"2.0","id":51,"method":"textDocument/hover","params":{"textDocument":{"uri":"file:///c%3A/Users/jormaz/Documents/Arduino/libraries/Jormi_Pulsador/ejemplo_Jormi_Pulsador_PullDown/ejemplo_Jormi_Pulsador_PullDown.ino"},"position":{"line":9,"character":26}}}
>>>
Content-Length: 39

{"id":51,"result":null,"jsonrpc":"2.0"}
<<<
Content-Length: 265

{"jsonrpc":"2.0","id":52,"method":"textDocument/hover","params":{"textDocument":{"uri":"file:///c%3A/Users/jormaz/Documents/Arduino/libraries/Jormi_Pulsador/ejemplo_Jormi_Pulsador_PullDown/ejemplo_Jormi_Pulsador_PullDown.ino"},"position":{"line":9,"character":27}}}
>>>
Content-Length: 307

{"id":52,"result":{"contents":{"kind":"markdown","value":"### constructor `Jormi_Pulsador`  \n\n---\nConstructor int pin  \n\n---\n```cpp\n// In Jormi_Pulsador\npublic: Jormi_Pulsador(byte pin, bool tipo)\n```"},"range":{"start":{"line":10,"character":27},"end":{"line":10,"character":28}}},"jsonrpc":"2.0"}
<<<
Content-Length: 360

{"jsonrpc":"2.0","method":"textDocument/didChange","params":{"textDocument":{"uri":"file:///c%3A/Users/jormaz/Documents/Arduino/libraries/Jormi_Pulsador/ejemplo_Jormi_Pulsador_PullDown/ejemplo_Jormi_Pulsador_PullDown.ino","version":7},"contentChanges":[{"range":{"start":{"line":9,"character":26},"end":{"line":9,"character":27}},"rangeLength":1,"text":"1"}]}}Content-Length: 360

{"jsonrpc":"2.0","method":"textDocument/didChange","params":{"textDocument":{"uri":"file:///c%3A/Users/jormaz/Documents/Arduino/libraries/Jormi_Pulsador/ejemplo_Jormi_Pulsador_PullDown/ejemplo_Jormi_Pulsador_PullDown.ino","version":8},"contentChanges":[{"range":{"start":{"line":9,"character":27},"end":{"line":9,"character":27}},"rangeLength":0,"text":"1"}]}}
>>>
Content-Length: 1015

{"method":"textDocument/publishDiagnostics","params":{"uri":"file:///c%3A/Users/jormaz/Documents/Arduino/libraries/Jormi_Pulsador/ejemplo_Jormi_Pulsador_PullDown/ejemplo_Jormi_Pulsador_PullDown.ino","diagnostics":[{"range":{"start":{"line":28,"character":2},"end":{"line":28,"character":7}},"severity":1,"code":"member_reference_needs_call","source":"clang","message":"Base of member reference is a function; perhaps you meant to call it with no arguments? (fix available)"},{"range":{"start":{"line":31,"character":4},"end":{"line":31,"character":9}},"severity":1,"code":"member_reference_needs_call","source":"clang","message":"Base of member reference is a function; perhaps you meant to call it with no arguments? (fix available)"},{"range":{"start":{"line":33,"character":4},"end":{"line":33,"character":9}},"severity":1,"code":"member_reference_needs_call","source":"clang","message":"Base of member reference is a function; perhaps you meant to call it with no arguments? (fix available)"}]},"jsonrpc":"2.0"}
<<<
Content-Length: 338

{"jsonrpc":"2.0","id":53,"method":"textDocument/codeAction","params":{"textDocument":{"uri":"file:///c%3A/Users/jormaz/Documents/Arduino/libraries/Jormi_Pulsador/ejemplo_Jormi_Pulsador_PullDown/ejemplo_Jormi_Pulsador_PullDown.ino"},"range":{"start":{"line":9,"character":28},"end":{"line":9,"character":28}},"context":{"diagnostics":[]}}}
>>>
Content-Length: 37

{"id":53,"result":[],"jsonrpc":"2.0"}
<<<
Content-Length: 234

{"jsonrpc":"2.0","method":"textDocument/didSave","params":{"textDocument":{"uri":"file:///c%3A/Users/jormaz/Documents/Arduino/libraries/Jormi_Pulsador/ejemplo_Jormi_Pulsador_PullDown/ejemplo_Jormi_Pulsador_PullDown.ino","version":8}}}Content-Length: 338

{"jsonrpc":"2.0","id":54,"method":"textDocument/codeAction","params":{"textDocument":{"uri":"file:///c%3A/Users/jormaz/Documents/Arduino/libraries/Jormi_Pulsador/ejemplo_Jormi_Pulsador_PullDown/ejemplo_Jormi_Pulsador_PullDown.ino"},"range":{"start":{"line":9,"character":28},"end":{"line":9,"character":28}},"context":{"diagnostics":[]}}}
>>>
Content-Length: 37

{"id":54,"result":[],"jsonrpc":"2.0"}
<<<
Content-Length: 266

{"jsonrpc":"2.0","id":55,"method":"textDocument/hover","params":{"textDocument":{"uri":"file:///c%3A/Users/jormaz/Documents/Arduino/libraries/Jormi_Pulsador/ejemplo_Jormi_Pulsador_PullDown/ejemplo_Jormi_Pulsador_PullDown.ino"},"position":{"line":10,"character":17}}}
>>>
Content-Length: 39

{"id":55,"result":null,"jsonrpc":"2.0"}
<<<
Content-Length: 340

{"jsonrpc":"2.0","id":56,"method":"textDocument/codeAction","params":{"textDocument":{"uri":"file:///c%3A/Users/jormaz/Documents/Arduino/libraries/Jormi_Pulsador/ejemplo_Jormi_Pulsador_PullDown/ejemplo_Jormi_Pulsador_PullDown.ino"},"range":{"start":{"line":10,"character":16},"end":{"line":10,"character":16}},"context":{"diagnostics":[]}}}
>>>
Content-Length: 37

{"id":56,"result":[],"jsonrpc":"2.0"}
<<<
Content-Length: 266

{"jsonrpc":"2.0","id":57,"method":"textDocument/hover","params":{"textDocument":{"uri":"file:///c%3A/Users/jormaz/Documents/Arduino/libraries/Jormi_Pulsador/ejemplo_Jormi_Pulsador_PullDown/ejemplo_Jormi_Pulsador_PullDown.ino"},"position":{"line":10,"character":16}}}
>>>
Content-Length: 39

{"id":57,"result":null,"jsonrpc":"2.0"}
<<<
Content-Length: 362

{"jsonrpc":"2.0","method":"textDocument/didChange","params":{"textDocument":{"uri":"file:///c%3A/Users/jormaz/Documents/Arduino/libraries/Jormi_Pulsador/ejemplo_Jormi_Pulsador_PullDown/ejemplo_Jormi_Pulsador_PullDown.ino","version":9},"contentChanges":[{"range":{"start":{"line":10,"character":16},"end":{"line":10,"character":16}},"rangeLength":0,"text":"2"}]}}
>>>
Content-Length: 233

{"method":"textDocument/publishDiagnostics","params":{"uri":"file:///c%3A/Users/jormaz/Documents/Arduino/libraries/Jormi_Pulsador/ejemplo_Jormi_Pulsador_PullDown/ejemplo_Jormi_Pulsador_PullDown.ino","diagnostics":[]},"jsonrpc":"2.0"}
<<<
Content-Length: 340

{"jsonrpc":"2.0","id":58,"method":"textDocument/codeAction","params":{"textDocument":{"uri":"file:///c%3A/Users/jormaz/Documents/Arduino/libraries/Jormi_Pulsador/ejemplo_Jormi_Pulsador_PullDown/ejemplo_Jormi_Pulsador_PullDown.ino"},"range":{"start":{"line":10,"character":17},"end":{"line":10,"character":17}},"context":{"diagnostics":[]}}}
>>>
Content-Length: 37

{"id":58,"result":[],"jsonrpc":"2.0"}
<<<
Content-Length: 234

{"jsonrpc":"2.0","method":"textDocument/didSave","params":{"textDocument":{"uri":"file:///c%3A/Users/jormaz/Documents/Arduino/libraries/Jormi_Pulsador/ejemplo_Jormi_Pulsador_PullDown/ejemplo_Jormi_Pulsador_PullDown.ino","version":9}}}Content-Length: 265

{"jsonrpc":"2.0","id":59,"method":"textDocument/hover","params":{"textDocument":{"uri":"file:///c%3A/Users/jormaz/Documents/Arduino/libraries/Jormi_Pulsador/ejemplo_Jormi_Pulsador_PullDown/ejemplo_Jormi_Pulsador_PullDown.ino"},"position":{"line":9,"character":38}}}
>>>
Content-Length: 39

{"id":59,"result":null,"jsonrpc":"2.0"}
<<<
Content-Length: 59

{"jsonrpc":"2.0","id":60,"method":"shutdown","params":null}
>>>
Content-Length: 39

{"id":60,"result":null,"jsonrpc":"2.0"}
<<<
Content-Length: 47

{"jsonrpc":"2.0","method":"exit","params":null}






Started logging.

<<<
Content-Length: 3218

{"jsonrpc":"2.0","id":0,"method":"initialize","params":{"processId":5388,"clientInfo":{"name":"vscode","version":"1.50.0"},"rootPath":"c:\\Users\\jormaz\\Documents\\Arduino\\libraries\\Jormi_Pulsador\\ejemplo_Jormi_Pulsador_PullDown","rootUri":"file:///c%3A/Users/jormaz/Documents/Arduino/libraries/Jormi_Pulsador/ejemplo_Jormi_Pulsador_PullDown","capabilities":{"workspace":{"applyEdit":true,"workspaceEdit":{"documentChanges":true,"resourceOperations":["create","rename","delete"],"failureHandling":"textOnlyTransactional"},"didChangeConfiguration":{"dynamicRegistration":true},"didChangeWatchedFiles":{"dynamicRegistration":true},"symbol":{"dynamicRegistration":true,"symbolKind":{"valueSet":[1,2,3,4,5,6,7,8,9,10,11,12,13,14,15,16,17,18,19,20,21,22,23,24,25,26]}},"executeCommand":{"dynamicRegistration":true},"configuration":true,"workspaceFolders":true},"textDocument":{"publishDiagnostics":{"relatedInformation":true,"versionSupport":false,"tagSupport":{"valueSet":[1,2]}},"synchronization":{"dynamicRegistration":true,"willSave":true,"willSaveWaitUntil":true,"didSave":true},"completion":{"dynamicRegistration":true,"contextSupport":true,"completionItem":{"snippetSupport":true,"commitCharactersSupport":true,"documentationFormat":["markdown","plaintext"],"deprecatedSupport":true,"preselectSupport":true,"tagSupport":{"valueSet":[1]}},"completionItemKind":{"valueSet":[1,2,3,4,5,6,7,8,9,10,11,12,13,14,15,16,17,18,19,20,21,22,23,24,25]}},"hover":{"dynamicRegistration":true,"contentFormat":["markdown","plaintext"]},"signatureHelp":{"dynamicRegistration":true,"signatureInformation":{"documentationFormat":["markdown","plaintext"],"parameterInformation":{"labelOffsetSupport":true}},"contextSupport":true},"definition":{"dynamicRegistration":true,"linkSupport":true},"references":{"dynamicRegistration":true},"documentHighlight":{"dynamicRegistration":true},"documentSymbol":{"dynamicRegistration":true,"symbolKind":{"valueSet":[1,2,3,4,5,6,7,8,9,10,11,12,13,14,15,16,17,18,19,20,21,22,23,24,25,26]},"hierarchicalDocumentSymbolSupport":true},"codeAction":{"dynamicRegistration":true,"isPreferredSupport":true,"codeActionLiteralSupport":{"codeActionKind":{"valueSet":["","quickfix","refactor","refactor.extract","refactor.inline","refactor.rewrite","source","source.organizeImports"]}}},"codeLens":{"dynamicRegistration":true},"formatting":{"dynamicRegistration":true},"rangeFormatting":{"dynamicRegistration":true},"onTypeFormatting":{"dynamicRegistration":true},"rename":{"dynamicRegistration":true,"prepareSupport":true},"documentLink":{"dynamicRegistration":true,"tooltipSupport":true},"typeDefinition":{"dynamicRegistration":true,"linkSupport":true},"implementation":{"dynamicRegistration":true,"linkSupport":true},"colorProvider":{"dynamicRegistration":true},"foldingRange":{"dynamicRegistration":true,"rangeLimit":5000,"lineFoldingOnly":true},"declaration":{"dynamicRegistration":true,"linkSupport":true},"selectionRange":{"dynamicRegistration":true}},"window":{"workDoneProgress":true}},"initializationOptions":{},"trace":"off","workspaceFolders":[{"uri":"file:///c%3A/Users/jormaz/Documents/Arduino/libraries/Jormi_Pulsador/ejemplo_Jormi_Pulsador_PullDown","name":"ejemplo_Jormi_Pulsador_PullDown"}]}}
>>>
Content-Length: 598

{"id":0,"result":{"capabilities":{"textDocumentSync":2,"hoverProvider":true,"completionProvider":{"triggerCharacters":[".","\u003e",":"]},"signatureHelpProvider":{"triggerCharacters":["(",","]},"definitionProvider":true,"documentHighlightProvider":true,"documentSymbolProvider":true,"workspaceSymbolProvider":true,"codeActionProvider":true,"documentFormattingProvider":true,"documentRangeFormattingProvider":true,"documentOnTypeFormattingProvider":{"firstTriggerCharacter":"\n"},"renameProvider":false,"executeCommandProvider":{"commands":["clangd.applyFix","clangd.applyTweak"]}}},"jsonrpc":"2.0"}
<<<
Content-Length: 52

{"jsonrpc":"2.0","method":"initialized","params":{}}Content-Length: 1182

{"jsonrpc":"2.0","method":"textDocument/didOpen","params":{"textDocument":{"uri":"file:///c%3A/Users/jormaz/Documents/Arduino/libraries/Jormi_Pulsador/ejemplo_Jormi_Pulsador_PullDown/ejemplo_Jormi_Pulsador_PullDown.ino","languageId":"cpp","version":1,"text":"#include <Arduino.h>\r\n#include <Jormi_Pulsador.h>\r\n#include <Jormi_Led.h>\r\n#include <Jormi_Depura.h>\r\n\r\n\r\n/*\r\n * Define objetos y variables necesarias\r\n */\r\nJormi_Pulsador botoncillo(11, false); //pulsador en pin 7 y tipo PD\r\nJormi_Led miled(2);           //led en pin 6\r\nJormi_Depura mensaje;\r\n\r\n\r\n/*\r\n * ***********************\r\n */\r\nvoid setup() {\r\n  Serial.begin(9600);\r\n  mensaje.texto(\"Pull Down Botón\");\r\n  botoncillo.informacion();\r\n  \r\n    \r\n}\r\n\r\nvoid loop() {\r\n\r\n  botoncillo.update();\r\n  miled.update();\r\n\r\n  if( botoncillo.estado() )\r\n    miled.enciende();\r\n  else\r\n    miled.apaga();\r\n\r\n\r\n\r\n}\r\n\r\n\r\n//Codigo v0.2\r\n//  delay(300);\r\n//  bool estado = botoncillo.estadoPD();\r\n//  mensaje.xBool(\"Estado\", estado);\r\n//\r\n//  if( estado )\r\n//    miled.enciende();\r\n//  else\r\n//    miled.apaga();  \r\n//Fin codigo"}}}Content-Length: 339

{"jsonrpc":"2.0","id":1,"method":"textDocument/codeAction","params":{"textDocument":{"uri":"file:///c%3A/Users/jormaz/Documents/Arduino/libraries/Jormi_Pulsador/ejemplo_Jormi_Pulsador_PullDown/ejemplo_Jormi_Pulsador_PullDown.ino"},"range":{"start":{"line":10,"character":17},"end":{"line":10,"character":17}},"context":{"diagnostics":[]}}}
>>>
Content-Length: 111

{"method":"window/workDoneProgress/create","params":{"token":"backgroundIndexProgress"},"id":0,"jsonrpc":"2.0"}Content-Length: 36

{"id":1,"result":[],"jsonrpc":"2.0"}
<<<
Content-Length: 38

{"jsonrpc":"2.0","id":0,"result":null}
>>>
Content-Length: 143

{"method":"$/progress","params":{"token":"backgroundIndexProgress","value":{"title":"indexing","percentage":0,"kind":"begin"}},"jsonrpc":"2.0"}Content-Length: 159

{"method":"$/progress","params":{"token":"backgroundIndexProgress","value":{"message":"1/30","percentage":3.3333333333333335,"kind":"report"}},"jsonrpc":"2.0"}Content-Length: 158

{"method":"$/progress","params":{"token":"backgroundIndexProgress","value":{"message":"2/30","percentage":6.666666666666667,"kind":"report"}},"jsonrpc":"2.0"}Content-Length: 143

{"method":"$/progress","params":{"token":"backgroundIndexProgress","value":{"message":"3/30","percentage":10,"kind":"report"}},"jsonrpc":"2.0"}Content-Length: 159

{"method":"$/progress","params":{"token":"backgroundIndexProgress","value":{"message":"4/30","percentage":13.333333333333334,"kind":"report"}},"jsonrpc":"2.0"}Content-Length: 159

{"method":"$/progress","params":{"token":"backgroundIndexProgress","value":{"message":"5/30","percentage":16.666666666666668,"kind":"report"}},"jsonrpc":"2.0"}Content-Length: 143

{"method":"$/progress","params":{"token":"backgroundIndexProgress","value":{"message":"6/30","percentage":20,"kind":"report"}},"jsonrpc":"2.0"}Content-Length: 159

{"method":"$/progress","params":{"token":"backgroundIndexProgress","value":{"message":"7/30","percentage":23.333333333333332,"kind":"report"}},"jsonrpc":"2.0"}Content-Length: 159

{"method":"$/progress","params":{"token":"backgroundIndexProgress","value":{"message":"8/30","percentage":26.666666666666668,"kind":"report"}},"jsonrpc":"2.0"}Content-Length: 143

{"method":"$/progress","params":{"token":"backgroundIndexProgress","value":{"message":"9/30","percentage":30,"kind":"report"}},"jsonrpc":"2.0"}Content-Length: 160

{"method":"$/progress","params":{"token":"backgroundIndexProgress","value":{"message":"10/30","percentage":33.333333333333336,"kind":"report"}},"jsonrpc":"2.0"}Content-Length: 160

{"method":"$/progress","params":{"token":"backgroundIndexProgress","value":{"message":"11/30","percentage":36.666666666666664,"kind":"report"}},"jsonrpc":"2.0"}Content-Length: 144

{"method":"$/progress","params":{"token":"backgroundIndexProgress","value":{"message":"12/30","percentage":40,"kind":"report"}},"jsonrpc":"2.0"}Content-Length: 160

{"method":"$/progress","params":{"token":"backgroundIndexProgress","value":{"message":"13/30","percentage":43.333333333333336,"kind":"report"}},"jsonrpc":"2.0"}Content-Length: 160

{"method":"$/progress","params":{"token":"backgroundIndexProgress","value":{"message":"14/30","percentage":46.666666666666664,"kind":"report"}},"jsonrpc":"2.0"}Content-Length: 144

{"method":"$/progress","params":{"token":"backgroundIndexProgress","value":{"message":"15/30","percentage":50,"kind":"report"}},"jsonrpc":"2.0"}Content-Length: 160

{"method":"$/progress","params":{"token":"backgroundIndexProgress","value":{"message":"16/30","percentage":53.333333333333336,"kind":"report"}},"jsonrpc":"2.0"}Content-Length: 160

{"method":"$/progress","params":{"token":"backgroundIndexProgress","value":{"message":"17/30","percentage":56.666666666666664,"kind":"report"}},"jsonrpc":"2.0"}Content-Length: 144

{"method":"$/progress","params":{"token":"backgroundIndexProgress","value":{"message":"18/30","percentage":60,"kind":"report"}},"jsonrpc":"2.0"}Content-Length: 160

{"method":"$/progress","params":{"token":"backgroundIndexProgress","value":{"message":"19/30","percentage":63.333333333333336,"kind":"report"}},"jsonrpc":"2.0"}Content-Length: 159

{"method":"$/progress","params":{"token":"backgroundIndexProgress","value":{"message":"20/30","percentage":66.66666666666667,"kind":"report"}},"jsonrpc":"2.0"}Content-Length: 144

{"method":"$/progress","params":{"token":"backgroundIndexProgress","value":{"message":"21/30","percentage":70,"kind":"report"}},"jsonrpc":"2.0"}Content-Length: 159

{"method":"$/progress","params":{"token":"backgroundIndexProgress","value":{"message":"22/30","percentage":73.33333333333333,"kind":"report"}},"jsonrpc":"2.0"}Content-Length: 159

{"method":"$/progress","params":{"token":"backgroundIndexProgress","value":{"message":"23/30","percentage":76.66666666666667,"kind":"report"}},"jsonrpc":"2.0"}Content-Length: 144

{"method":"$/progress","params":{"token":"backgroundIndexProgress","value":{"message":"24/30","percentage":80,"kind":"report"}},"jsonrpc":"2.0"}Content-Length: 159

{"method":"$/progress","params":{"token":"backgroundIndexProgress","value":{"message":"25/30","percentage":83.33333333333333,"kind":"report"}},"jsonrpc":"2.0"}Content-Length: 159

{"method":"$/progress","params":{"token":"backgroundIndexProgress","value":{"message":"26/30","percentage":86.66666666666667,"kind":"report"}},"jsonrpc":"2.0"}Content-Length: 144

{"method":"$/progress","params":{"token":"backgroundIndexProgress","value":{"message":"27/30","percentage":90,"kind":"report"}},"jsonrpc":"2.0"}Content-Length: 159

{"method":"$/progress","params":{"token":"backgroundIndexProgress","value":{"message":"28/30","percentage":93.33333333333333,"kind":"report"}},"jsonrpc":"2.0"}Content-Length: 159

{"method":"$/progress","params":{"token":"backgroundIndexProgress","value":{"message":"29/30","percentage":96.66666666666667,"kind":"report"}},"jsonrpc":"2.0"}Content-Length: 107

{"method":"$/progress","params":{"token":"backgroundIndexProgress","value":{"kind":"end"}},"jsonrpc":"2.0"}
<<<
Content-Length: 58

{"jsonrpc":"2.0","id":2,"method":"shutdown","params":null}
>>>
Content-Length: 38

{"id":2,"result":null,"jsonrpc":"2.0"}
<<<
Content-Length: 47

{"jsonrpc":"2.0","method":"exit","params":null}






Started logging.

<<<
Content-Length: 3218

{"jsonrpc":"2.0","id":0,"method":"initialize","params":{"processId":4476,"clientInfo":{"name":"vscode","version":"1.50.0"},"rootPath":"c:\\Users\\jormaz\\Documents\\Arduino\\libraries\\Jormi_Pulsador\\ejemplo_Jormi_Pulsador_PullDown","rootUri":"file:///c%3A/Users/jormaz/Documents/Arduino/libraries/Jormi_Pulsador/ejemplo_Jormi_Pulsador_PullDown","capabilities":{"workspace":{"applyEdit":true,"workspaceEdit":{"documentChanges":true,"resourceOperations":["create","rename","delete"],"failureHandling":"textOnlyTransactional"},"didChangeConfiguration":{"dynamicRegistration":true},"didChangeWatchedFiles":{"dynamicRegistration":true},"symbol":{"dynamicRegistration":true,"symbolKind":{"valueSet":[1,2,3,4,5,6,7,8,9,10,11,12,13,14,15,16,17,18,19,20,21,22,23,24,25,26]}},"executeCommand":{"dynamicRegistration":true},"configuration":true,"workspaceFolders":true},"textDocument":{"publishDiagnostics":{"relatedInformation":true,"versionSupport":false,"tagSupport":{"valueSet":[1,2]}},"synchronization":{"dynamicRegistration":true,"willSave":true,"willSaveWaitUntil":true,"didSave":true},"completion":{"dynamicRegistration":true,"contextSupport":true,"completionItem":{"snippetSupport":true,"commitCharactersSupport":true,"documentationFormat":["markdown","plaintext"],"deprecatedSupport":true,"preselectSupport":true,"tagSupport":{"valueSet":[1]}},"completionItemKind":{"valueSet":[1,2,3,4,5,6,7,8,9,10,11,12,13,14,15,16,17,18,19,20,21,22,23,24,25]}},"hover":{"dynamicRegistration":true,"contentFormat":["markdown","plaintext"]},"signatureHelp":{"dynamicRegistration":true,"signatureInformation":{"documentationFormat":["markdown","plaintext"],"parameterInformation":{"labelOffsetSupport":true}},"contextSupport":true},"definition":{"dynamicRegistration":true,"linkSupport":true},"references":{"dynamicRegistration":true},"documentHighlight":{"dynamicRegistration":true},"documentSymbol":{"dynamicRegistration":true,"symbolKind":{"valueSet":[1,2,3,4,5,6,7,8,9,10,11,12,13,14,15,16,17,18,19,20,21,22,23,24,25,26]},"hierarchicalDocumentSymbolSupport":true},"codeAction":{"dynamicRegistration":true,"isPreferredSupport":true,"codeActionLiteralSupport":{"codeActionKind":{"valueSet":["","quickfix","refactor","refactor.extract","refactor.inline","refactor.rewrite","source","source.organizeImports"]}}},"codeLens":{"dynamicRegistration":true},"formatting":{"dynamicRegistration":true},"rangeFormatting":{"dynamicRegistration":true},"onTypeFormatting":{"dynamicRegistration":true},"rename":{"dynamicRegistration":true,"prepareSupport":true},"documentLink":{"dynamicRegistration":true,"tooltipSupport":true},"typeDefinition":{"dynamicRegistration":true,"linkSupport":true},"implementation":{"dynamicRegistration":true,"linkSupport":true},"colorProvider":{"dynamicRegistration":true},"foldingRange":{"dynamicRegistration":true,"rangeLimit":5000,"lineFoldingOnly":true},"declaration":{"dynamicRegistration":true,"linkSupport":true},"selectionRange":{"dynamicRegistration":true}},"window":{"workDoneProgress":true}},"initializationOptions":{},"trace":"off","workspaceFolders":[{"uri":"file:///c%3A/Users/jormaz/Documents/Arduino/libraries/Jormi_Pulsador/ejemplo_Jormi_Pulsador_PullDown","name":"ejemplo_Jormi_Pulsador_PullDown"}]}}
>>>
Content-Length: 598

{"id":0,"result":{"capabilities":{"textDocumentSync":2,"hoverProvider":true,"completionProvider":{"triggerCharacters":[".","\u003e",":"]},"signatureHelpProvider":{"triggerCharacters":["(",","]},"definitionProvider":true,"documentHighlightProvider":true,"documentSymbolProvider":true,"workspaceSymbolProvider":true,"codeActionProvider":true,"documentFormattingProvider":true,"documentRangeFormattingProvider":true,"documentOnTypeFormattingProvider":{"firstTriggerCharacter":"\n"},"renameProvider":false,"executeCommandProvider":{"commands":["clangd.applyFix","clangd.applyTweak"]}}},"jsonrpc":"2.0"}
<<<
Content-Length: 52

{"jsonrpc":"2.0","method":"initialized","params":{}}Content-Length: 1182

{"jsonrpc":"2.0","method":"textDocument/didOpen","params":{"textDocument":{"uri":"file:///c%3A/Users/jormaz/Documents/Arduino/libraries/Jormi_Pulsador/ejemplo_Jormi_Pulsador_PullDown/ejemplo_Jormi_Pulsador_PullDown.ino","languageId":"cpp","version":1,"text":"#include <Arduino.h>\r\n#include <Jormi_Pulsador.h>\r\n#include <Jormi_Led.h>\r\n#include <Jormi_Depura.h>\r\n\r\n\r\n/*\r\n * Define objetos y variables necesarias\r\n */\r\nJormi_Pulsador botoncillo(11, false); //pulsador en pin 7 y tipo PD\r\nJormi_Led miled(2);           //led en pin 6\r\nJormi_Depura mensaje;\r\n\r\n\r\n/*\r\n * ***********************\r\n */\r\nvoid setup() {\r\n  Serial.begin(9600);\r\n  mensaje.texto(\"Pull Down Botón\");\r\n  botoncillo.informacion();\r\n  \r\n    \r\n}\r\n\r\nvoid loop() {\r\n\r\n  botoncillo.update();\r\n  miled.update();\r\n\r\n  if( botoncillo.estado() )\r\n    miled.enciende();\r\n  else\r\n    miled.apaga();\r\n\r\n\r\n\r\n}\r\n\r\n\r\n//Codigo v0.2\r\n//  delay(300);\r\n//  bool estado = botoncillo.estadoPD();\r\n//  mensaje.xBool(\"Estado\", estado);\r\n//\r\n//  if( estado )\r\n//    miled.enciende();\r\n//  else\r\n//    miled.apaga();  \r\n//Fin codigo"}}}Content-Length: 335

{"jsonrpc":"2.0","id":1,"method":"textDocument/codeAction","params":{"textDocument":{"uri":"file:///c%3A/Users/jormaz/Documents/Arduino/libraries/Jormi_Pulsador/ejemplo_Jormi_Pulsador_PullDown/ejemplo_Jormi_Pulsador_PullDown.ino"},"range":{"start":{"line":8,"character":3},"end":{"line":8,"character":3}},"context":{"diagnostics":[]}}}
>>>
Content-Length: 111

{"method":"window/workDoneProgress/create","params":{"token":"backgroundIndexProgress"},"id":0,"jsonrpc":"2.0"}Content-Length: 36

{"id":1,"result":[],"jsonrpc":"2.0"}
<<<
Content-Length: 38

{"jsonrpc":"2.0","id":0,"result":null}
>>>
Content-Length: 143

{"method":"$/progress","params":{"token":"backgroundIndexProgress","value":{"title":"indexing","percentage":0,"kind":"begin"}},"jsonrpc":"2.0"}Content-Length: 159

{"method":"$/progress","params":{"token":"backgroundIndexProgress","value":{"message":"1/30","percentage":3.3333333333333335,"kind":"report"}},"jsonrpc":"2.0"}Content-Length: 158

{"method":"$/progress","params":{"token":"backgroundIndexProgress","value":{"message":"2/30","percentage":6.666666666666667,"kind":"report"}},"jsonrpc":"2.0"}Content-Length: 143

{"method":"$/progress","params":{"token":"backgroundIndexProgress","value":{"message":"3/30","percentage":10,"kind":"report"}},"jsonrpc":"2.0"}Content-Length: 159

{"method":"$/progress","params":{"token":"backgroundIndexProgress","value":{"message":"4/30","percentage":13.333333333333334,"kind":"report"}},"jsonrpc":"2.0"}Content-Length: 159

{"method":"$/progress","params":{"token":"backgroundIndexProgress","value":{"message":"5/30","percentage":16.666666666666668,"kind":"report"}},"jsonrpc":"2.0"}Content-Length: 143

{"method":"$/progress","params":{"token":"backgroundIndexProgress","value":{"message":"6/30","percentage":20,"kind":"report"}},"jsonrpc":"2.0"}Content-Length: 159

{"method":"$/progress","params":{"token":"backgroundIndexProgress","value":{"message":"7/30","percentage":23.333333333333332,"kind":"report"}},"jsonrpc":"2.0"}Content-Length: 159

{"method":"$/progress","params":{"token":"backgroundIndexProgress","value":{"message":"8/30","percentage":26.666666666666668,"kind":"report"}},"jsonrpc":"2.0"}Content-Length: 143

{"method":"$/progress","params":{"token":"backgroundIndexProgress","value":{"message":"9/30","percentage":30,"kind":"report"}},"jsonrpc":"2.0"}Content-Length: 160

{"method":"$/progress","params":{"token":"backgroundIndexProgress","value":{"message":"10/30","percentage":33.333333333333336,"kind":"report"}},"jsonrpc":"2.0"}Content-Length: 160

{"method":"$/progress","params":{"token":"backgroundIndexProgress","value":{"message":"11/30","percentage":36.666666666666664,"kind":"report"}},"jsonrpc":"2.0"}Content-Length: 144

{"method":"$/progress","params":{"token":"backgroundIndexProgress","value":{"message":"12/30","percentage":40,"kind":"report"}},"jsonrpc":"2.0"}Content-Length: 160

{"method":"$/progress","params":{"token":"backgroundIndexProgress","value":{"message":"13/30","percentage":43.333333333333336,"kind":"report"}},"jsonrpc":"2.0"}Content-Length: 160

{"method":"$/progress","params":{"token":"backgroundIndexProgress","value":{"message":"14/30","percentage":46.666666666666664,"kind":"report"}},"jsonrpc":"2.0"}Content-Length: 144

{"method":"$/progress","params":{"token":"backgroundIndexProgress","value":{"message":"15/30","percentage":50,"kind":"report"}},"jsonrpc":"2.0"}Content-Length: 160

{"method":"$/progress","params":{"token":"backgroundIndexProgress","value":{"message":"16/30","percentage":53.333333333333336,"kind":"report"}},"jsonrpc":"2.0"}Content-Length: 160

{"method":"$/progress","params":{"token":"backgroundIndexProgress","value":{"message":"17/30","percentage":56.666666666666664,"kind":"report"}},"jsonrpc":"2.0"}Content-Length: 144

{"method":"$/progress","params":{"token":"backgroundIndexProgress","value":{"message":"18/30","percentage":60,"kind":"report"}},"jsonrpc":"2.0"}Content-Length: 144

{"method":"$/progress","params":{"token":"backgroundIndexProgress","value":{"message":"18/30","percentage":60,"kind":"report"}},"jsonrpc":"2.0"}Content-Length: 160

{"method":"$/progress","params":{"token":"backgroundIndexProgress","value":{"message":"19/30","percentage":63.333333333333336,"kind":"report"}},"jsonrpc":"2.0"}Content-Length: 159

{"method":"$/progress","params":{"token":"backgroundIndexProgress","value":{"message":"20/30","percentage":66.66666666666667,"kind":"report"}},"jsonrpc":"2.0"}Content-Length: 144

{"method":"$/progress","params":{"token":"backgroundIndexProgress","value":{"message":"21/30","percentage":70,"kind":"report"}},"jsonrpc":"2.0"}Content-Length: 159

{"method":"$/progress","params":{"token":"backgroundIndexProgress","value":{"message":"22/30","percentage":73.33333333333333,"kind":"report"}},"jsonrpc":"2.0"}Content-Length: 159

{"method":"$/progress","params":{"token":"backgroundIndexProgress","value":{"message":"23/30","percentage":76.66666666666667,"kind":"report"}},"jsonrpc":"2.0"}Content-Length: 144

{"method":"$/progress","params":{"token":"backgroundIndexProgress","value":{"message":"24/30","percentage":80,"kind":"report"}},"jsonrpc":"2.0"}Content-Length: 159

{"method":"$/progress","params":{"token":"backgroundIndexProgress","value":{"message":"25/30","percentage":83.33333333333333,"kind":"report"}},"jsonrpc":"2.0"}Content-Length: 159

{"method":"$/progress","params":{"token":"backgroundIndexProgress","value":{"message":"26/30","percentage":86.66666666666667,"kind":"report"}},"jsonrpc":"2.0"}Content-Length: 144

{"method":"$/progress","params":{"token":"backgroundIndexProgress","value":{"message":"27/30","percentage":90,"kind":"report"}},"jsonrpc":"2.0"}Content-Length: 159

{"method":"$/progress","params":{"token":"backgroundIndexProgress","value":{"message":"28/30","percentage":93.33333333333333,"kind":"report"}},"jsonrpc":"2.0"}Content-Length: 159

{"method":"$/progress","params":{"token":"backgroundIndexProgress","value":{"message":"29/30","percentage":96.66666666666667,"kind":"report"}},"jsonrpc":"2.0"}Content-Length: 107

{"method":"$/progress","params":{"token":"backgroundIndexProgress","value":{"kind":"end"}},"jsonrpc":"2.0"}
<<<
Content-Length: 264

{"jsonrpc":"2.0","id":2,"method":"textDocument/hover","params":{"textDocument":{"uri":"file:///c%3A/Users/jormaz/Documents/Arduino/libraries/Jormi_Pulsador/ejemplo_Jormi_Pulsador_PullDown/ejemplo_Jormi_Pulsador_PullDown.ino"},"position":{"line":0,"character":16}}}
>>>
Content-Length: 38

{"id":2,"result":null,"jsonrpc":"2.0"}
<<<
Content-Length: 62

{"jsonrpc":"2.0","method":"$/cancelRequest","params":{"id":2}}Content-Length: 265

{"jsonrpc":"2.0","id":3,"method":"textDocument/hover","params":{"textDocument":{"uri":"file:///c%3A/Users/jormaz/Documents/Arduino/libraries/Jormi_Pulsador/ejemplo_Jormi_Pulsador_PullDown/ejemplo_Jormi_Pulsador_PullDown.ino"},"position":{"line":10,"character":16}}}
>>>
Content-Length: 38

{"id":3,"result":null,"jsonrpc":"2.0"}
<<<
Content-Length: 265

{"jsonrpc":"2.0","id":4,"method":"textDocument/hover","params":{"textDocument":{"uri":"file:///c%3A/Users/jormaz/Documents/Arduino/libraries/Jormi_Pulsador/ejemplo_Jormi_Pulsador_PullDown/ejemplo_Jormi_Pulsador_PullDown.ino"},"position":{"line":10,"character":16}}}
>>>
Content-Length: 38

{"id":4,"result":null,"jsonrpc":"2.0"}
<<<
Content-Length: 264

{"jsonrpc":"2.0","id":5,"method":"textDocument/hover","params":{"textDocument":{"uri":"file:///c%3A/Users/jormaz/Documents/Arduino/libraries/Jormi_Pulsador/ejemplo_Jormi_Pulsador_PullDown/ejemplo_Jormi_Pulsador_PullDown.ino"},"position":{"line":9,"character":17}}}
>>>
Content-Length: 310

{"id":5,"result":{"contents":{"kind":"markdown","value":"### variable `botoncillo`  \n\n---\nType: `class Jormi_Pulsador`  \npulsador en pin 7 y tipo PD  \n\n---\n```cpp\nJormi_Pulsador botoncillo(11, false)\n```"},"range":{"start":{"line":10,"character":15},"end":{"line":10,"character":25}}},"jsonrpc":"2.0"}
<<<
Content-Length: 265

{"jsonrpc":"2.0","id":6,"method":"textDocument/hover","params":{"textDocument":{"uri":"file:///c%3A/Users/jormaz/Documents/Arduino/libraries/Jormi_Pulsador/ejemplo_Jormi_Pulsador_PullDown/ejemplo_Jormi_Pulsador_PullDown.ino"},"position":{"line":10,"character":25}}}
>>>
Content-Length: 38

{"id":6,"result":null,"jsonrpc":"2.0"}
<<<
Content-Length: 264

{"jsonrpc":"2.0","id":7,"method":"textDocument/hover","params":{"textDocument":{"uri":"file:///c%3A/Users/jormaz/Documents/Arduino/libraries/Jormi_Pulsador/ejemplo_Jormi_Pulsador_PullDown/ejemplo_Jormi_Pulsador_PullDown.ino"},"position":{"line":9,"character":28}}}
>>>
Content-Length: 306

{"id":7,"result":{"contents":{"kind":"markdown","value":"### constructor `Jormi_Pulsador`  \n\n---\nConstructor int pin  \n\n---\n```cpp\n// In Jormi_Pulsador\npublic: Jormi_Pulsador(byte pin, bool tipo)\n```"},"range":{"start":{"line":10,"character":28},"end":{"line":10,"character":29}}},"jsonrpc":"2.0"}
<<<
Content-Length: 264

{"jsonrpc":"2.0","id":8,"method":"textDocument/hover","params":{"textDocument":{"uri":"file:///c%3A/Users/jormaz/Documents/Arduino/libraries/Jormi_Pulsador/ejemplo_Jormi_Pulsador_PullDown/ejemplo_Jormi_Pulsador_PullDown.ino"},"position":{"line":9,"character":27}}}
>>>
Content-Length: 38

{"id":8,"result":null,"jsonrpc":"2.0"}
<<<
Content-Length: 264

{"jsonrpc":"2.0","id":9,"method":"textDocument/hover","params":{"textDocument":{"uri":"file:///c%3A/Users/jormaz/Documents/Arduino/libraries/Jormi_Pulsador/ejemplo_Jormi_Pulsador_PullDown/ejemplo_Jormi_Pulsador_PullDown.ino"},"position":{"line":9,"character":27}}}
>>>
Content-Length: 38

{"id":9,"result":null,"jsonrpc":"2.0"}
<<<
Content-Length: 277

{"jsonrpc":"2.0","id":10,"method":"textDocument/documentHighlight","params":{"textDocument":{"uri":"file:///c%3A/Users/jormaz/Documents/Arduino/libraries/Jormi_Pulsador/ejemplo_Jormi_Pulsador_PullDown/ejemplo_Jormi_Pulsador_PullDown.ino"},"position":{"line":9,"character":27}}}
>>>
Content-Length: 37

{"id":10,"result":[],"jsonrpc":"2.0"}
<<<
Content-Length: 338

{"jsonrpc":"2.0","id":11,"method":"textDocument/codeAction","params":{"textDocument":{"uri":"file:///c%3A/Users/jormaz/Documents/Arduino/libraries/Jormi_Pulsador/ejemplo_Jormi_Pulsador_PullDown/ejemplo_Jormi_Pulsador_PullDown.ino"},"range":{"start":{"line":9,"character":27},"end":{"line":9,"character":27}},"context":{"diagnostics":[]}}}
>>>
Content-Length: 37

{"id":11,"result":[],"jsonrpc":"2.0"}
<<<
Content-Length: 359

{"jsonrpc":"2.0","method":"textDocument/didChange","params":{"textDocument":{"uri":"file:///c%3A/Users/jormaz/Documents/Arduino/libraries/Jormi_Pulsador/ejemplo_Jormi_Pulsador_PullDown/ejemplo_Jormi_Pulsador_PullDown.ino","version":2},"contentChanges":[{"range":{"start":{"line":9,"character":27},"end":{"line":9,"character":28}},"rangeLength":1,"text":""}]}}Content-Length: 360

{"jsonrpc":"2.0","method":"textDocument/didChange","params":{"textDocument":{"uri":"file:///c%3A/Users/jormaz/Documents/Arduino/libraries/Jormi_Pulsador/ejemplo_Jormi_Pulsador_PullDown/ejemplo_Jormi_Pulsador_PullDown.ino","version":3},"contentChanges":[{"range":{"start":{"line":9,"character":27},"end":{"line":9,"character":27}},"rangeLength":0,"text":"0"}]}}Content-Length: 338

{"jsonrpc":"2.0","id":12,"method":"textDocument/codeAction","params":{"textDocument":{"uri":"file:///c%3A/Users/jormaz/Documents/Arduino/libraries/Jormi_Pulsador/ejemplo_Jormi_Pulsador_PullDown/ejemplo_Jormi_Pulsador_PullDown.ino"},"range":{"start":{"line":9,"character":28},"end":{"line":9,"character":28}},"context":{"diagnostics":[]}}}
>>>
Content-Length: 37

{"id":12,"result":[],"jsonrpc":"2.0"}Content-Length: 116

{"method":"window/workDoneProgress/create","params":{"token":"arduinoLanguageServerRebuild"},"id":1,"jsonrpc":"2.0"}
<<<
Content-Length: 38

{"jsonrpc":"2.0","id":1,"result":null}
>>>
Content-Length: 140

{"method":"$/progress","params":{"token":"arduinoLanguageServerRebuild","value":{"title":"Building sketch","kind":"begin"}},"jsonrpc":"2.0"}
<<<
Content-Length: 234

{"jsonrpc":"2.0","method":"textDocument/didSave","params":{"textDocument":{"uri":"file:///c%3A/Users/jormaz/Documents/Arduino/libraries/Jormi_Pulsador/ejemplo_Jormi_Pulsador_PullDown/ejemplo_Jormi_Pulsador_PullDown.ino","version":3}}}
>>>
Content-Length: 138

{"method":"$/progress","params":{"token":"arduinoLanguageServerRebuild","value":{"message":"compiling.","kind":"report"}},"jsonrpc":"2.0"}Content-Length: 139

{"method":"$/progress","params":{"token":"arduinoLanguageServerRebuild","value":{"message":"compiling..","kind":"report"}},"jsonrpc":"2.0"}Content-Length: 140

{"method":"$/progress","params":{"token":"arduinoLanguageServerRebuild","value":{"message":"compiling...","kind":"report"}},"jsonrpc":"2.0"}Content-Length: 138

{"method":"$/progress","params":{"token":"arduinoLanguageServerRebuild","value":{"message":"compiling.","kind":"report"}},"jsonrpc":"2.0"}Content-Length: 139

{"method":"$/progress","params":{"token":"arduinoLanguageServerRebuild","value":{"message":"compiling..","kind":"report"}},"jsonrpc":"2.0"}Content-Length: 140

{"method":"$/progress","params":{"token":"arduinoLanguageServerRebuild","value":{"message":"compiling...","kind":"report"}},"jsonrpc":"2.0"}Content-Length: 138

{"method":"$/progress","params":{"token":"arduinoLanguageServerRebuild","value":{"message":"compiling.","kind":"report"}},"jsonrpc":"2.0"}Content-Length: 139

{"method":"$/progress","params":{"token":"arduinoLanguageServerRebuild","value":{"message":"compiling..","kind":"report"}},"jsonrpc":"2.0"}Content-Length: 129

{"method":"$/progress","params":{"token":"arduinoLanguageServerRebuild","value":{"message":"done","kind":"end"}},"jsonrpc":"2.0"}
<<<
Content-Length: 266

{"jsonrpc":"2.0","id":13,"method":"textDocument/hover","params":{"textDocument":{"uri":"file:///c%3A/Users/jormaz/Documents/Arduino/libraries/Jormi_Pulsador/ejemplo_Jormi_Pulsador_PullDown/ejemplo_Jormi_Pulsador_PullDown.ino"},"position":{"line":10,"character":19}}}Content-Length: 63

{"jsonrpc":"2.0","method":"$/cancelRequest","params":{"id":13}}
>>>
Content-Length: 39

{"id":13,"result":null,"jsonrpc":"2.0"}
<<<
Content-Length: 336

{"jsonrpc":"2.0","id":14,"method":"textDocument/codeAction","params":{"textDocument":{"uri":"file:///c%3A/Users/jormaz/Documents/Arduino/libraries/Jormi_Pulsador/ejemplo_Jormi_Pulsador_PullDown/ejemplo_Jormi_Pulsador_PullDown.ino"},"range":{"start":{"line":6,"character":2},"end":{"line":6,"character":2}},"context":{"diagnostics":[]}}}
>>>
Content-Length: 37

{"id":14,"result":[],"jsonrpc":"2.0"}
<<<
Content-Length: 336

{"jsonrpc":"2.0","id":15,"method":"textDocument/codeAction","params":{"textDocument":{"uri":"file:///c%3A/Users/jormaz/Documents/Arduino/libraries/Jormi_Pulsador/ejemplo_Jormi_Pulsador_PullDown/ejemplo_Jormi_Pulsador_PullDown.ino"},"range":{"start":{"line":7,"character":2},"end":{"line":7,"character":2}},"context":{"diagnostics":[]}}}
>>>
Content-Length: 37

{"id":15,"result":[],"jsonrpc":"2.0"}
<<<
Content-Length: 276

{"jsonrpc":"2.0","id":16,"method":"textDocument/documentHighlight","params":{"textDocument":{"uri":"file:///c%3A/Users/jormaz/Documents/Arduino/libraries/Jormi_Pulsador/ejemplo_Jormi_Pulsador_PullDown/ejemplo_Jormi_Pulsador_PullDown.ino"},"position":{"line":9,"character":2}}}
>>>
Content-Length: 122

{"id":16,"result":[{"range":{"start":{"line":9,"character":0},"end":{"line":9,"character":14}},"kind":1}],"jsonrpc":"2.0"}
<<<
Content-Length: 277

{"jsonrpc":"2.0","id":17,"method":"textDocument/documentHighlight","params":{"textDocument":{"uri":"file:///c%3A/Users/jormaz/Documents/Arduino/libraries/Jormi_Pulsador/ejemplo_Jormi_Pulsador_PullDown/ejemplo_Jormi_Pulsador_PullDown.ino"},"position":{"line":10,"character":2}}}
>>>
Content-Length: 123

{"id":17,"result":[{"range":{"start":{"line":10,"character":0},"end":{"line":10,"character":9}},"kind":1}],"jsonrpc":"2.0"}
<<<
Content-Length: 63

{"jsonrpc":"2.0","method":"$/cancelRequest","params":{"id":17}}Content-Length: 277

{"jsonrpc":"2.0","id":18,"method":"textDocument/documentHighlight","params":{"textDocument":{"uri":"file:///c%3A/Users/jormaz/Documents/Arduino/libraries/Jormi_Pulsador/ejemplo_Jormi_Pulsador_PullDown/ejemplo_Jormi_Pulsador_PullDown.ino"},"position":{"line":11,"character":2}}}
>>>
Content-Length: 124

{"id":18,"result":[{"range":{"start":{"line":11,"character":0},"end":{"line":11,"character":12}},"kind":1}],"jsonrpc":"2.0"}
<<<
Content-Length: 63

{"jsonrpc":"2.0","method":"$/cancelRequest","params":{"id":18}}Content-Length: 277

{"jsonrpc":"2.0","id":19,"method":"textDocument/documentHighlight","params":{"textDocument":{"uri":"file:///c%3A/Users/jormaz/Documents/Arduino/libraries/Jormi_Pulsador/ejemplo_Jormi_Pulsador_PullDown/ejemplo_Jormi_Pulsador_PullDown.ino"},"position":{"line":17,"character":2}}}
>>>
Content-Length: 37

{"id":19,"result":[],"jsonrpc":"2.0"}
<<<
Content-Length: 277

{"jsonrpc":"2.0","id":20,"method":"textDocument/documentHighlight","params":{"textDocument":{"uri":"file:///c%3A/Users/jormaz/Documents/Arduino/libraries/Jormi_Pulsador/ejemplo_Jormi_Pulsador_PullDown/ejemplo_Jormi_Pulsador_PullDown.ino"},"position":{"line":18,"character":2}}}
>>>
Content-Length: 123

{"id":20,"result":[{"range":{"start":{"line":18,"character":2},"end":{"line":18,"character":8}},"kind":1}],"jsonrpc":"2.0"}
<<<
Content-Length: 277

{"jsonrpc":"2.0","id":21,"method":"textDocument/documentHighlight","params":{"textDocument":{"uri":"file:///c%3A/Users/jormaz/Documents/Arduino/libraries/Jormi_Pulsador/ejemplo_Jormi_Pulsador_PullDown/ejemplo_Jormi_Pulsador_PullDown.ino"},"position":{"line":19,"character":2}}}
>>>
Content-Length: 212

{"id":21,"result":[{"range":{"start":{"line":11,"character":13},"end":{"line":11,"character":20}},"kind":1},{"range":{"start":{"line":19,"character":2},"end":{"line":19,"character":9}},"kind":1}],"jsonrpc":"2.0"}
<<<
Content-Length: 63

{"jsonrpc":"2.0","method":"$/cancelRequest","params":{"id":21}}Content-Length: 277

{"jsonrpc":"2.0","id":22,"method":"textDocument/documentHighlight","params":{"textDocument":{"uri":"file:///c%3A/Users/jormaz/Documents/Arduino/libraries/Jormi_Pulsador/ejemplo_Jormi_Pulsador_PullDown/ejemplo_Jormi_Pulsador_PullDown.ino"},"position":{"line":20,"character":2}}}
>>>
Content-Length: 387

{"id":22,"result":[{"range":{"start":{"line":9,"character":15},"end":{"line":9,"character":25}},"kind":1},{"range":{"start":{"line":20,"character":2},"end":{"line":20,"character":12}},"kind":1},{"range":{"start":{"line":27,"character":2},"end":{"line":27,"character":12}},"kind":1},{"range":{"start":{"line":30,"character":6},"end":{"line":30,"character":16}},"kind":1}],"jsonrpc":"2.0"}
<<<
Content-Length: 63

{"jsonrpc":"2.0","method":"$/cancelRequest","params":{"id":22}}Content-Length: 264

{"jsonrpc":"2.0","id":23,"method":"textDocument/hover","params":{"textDocument":{"uri":"file:///c%3A/Users/jormaz/Documents/Arduino/libraries/Jormi_Pulsador/ejemplo_Jormi_Pulsador_PullDown/ejemplo_Jormi_Pulsador_PullDown.ino"},"position":{"line":9,"character":5}}}
>>>
Content-Length: 228

{"id":23,"result":{"contents":{"kind":"markdown","value":"### class `Jormi_Pulsador`  \n\n---\n```cpp\nclass Jormi_Pulsador {}\n```"},"range":{"start":{"line":10,"character":0},"end":{"line":10,"character":14}}},"jsonrpc":"2.0"}
<<<
Content-Length: 266

{"jsonrpc":"2.0","id":24,"method":"textDocument/hover","params":{"textDocument":{"uri":"file:///c%3A/Users/jormaz/Documents/Arduino/libraries/Jormi_Pulsador/ejemplo_Jormi_Pulsador_PullDown/ejemplo_Jormi_Pulsador_PullDown.ino"},"position":{"line":11,"character":16}}}
>>>
Content-Length: 259

{"id":24,"result":{"contents":{"kind":"markdown","value":"### variable `mensaje`  \n\n---\nType: `class Jormi_Depura`  \n\n---\n```cpp\nJormi_Depura mensaje\n```"},"range":{"start":{"line":12,"character":13},"end":{"line":12,"character":20}}},"jsonrpc":"2.0"}
<<<
Content-Length: 265

{"jsonrpc":"2.0","id":25,"method":"textDocument/hover","params":{"textDocument":{"uri":"file:///c%3A/Users/jormaz/Documents/Arduino/libraries/Jormi_Pulsador/ejemplo_Jormi_Pulsador_PullDown/ejemplo_Jormi_Pulsador_PullDown.ino"},"position":{"line":43,"character":9}}}
>>>
Content-Length: 39

{"id":25,"result":null,"jsonrpc":"2.0"}
<<<
Content-Length: 266

{"jsonrpc":"2.0","id":26,"method":"textDocument/hover","params":{"textDocument":{"uri":"file:///c%3A/Users/jormaz/Documents/Arduino/libraries/Jormi_Pulsador/ejemplo_Jormi_Pulsador_PullDown/ejemplo_Jormi_Pulsador_PullDown.ino"},"position":{"line":42,"character":21}}}
>>>
Content-Length: 39

{"id":26,"result":null,"jsonrpc":"2.0"}
<<<
Content-Length: 265

{"jsonrpc":"2.0","id":27,"method":"textDocument/hover","params":{"textDocument":{"uri":"file:///c%3A/Users/jormaz/Documents/Arduino/libraries/Jormi_Pulsador/ejemplo_Jormi_Pulsador_PullDown/ejemplo_Jormi_Pulsador_PullDown.ino"},"position":{"line":9,"character":28}}}
>>>
Content-Length: 307

{"id":27,"result":{"contents":{"kind":"markdown","value":"### constructor `Jormi_Pulsador`  \n\n---\nConstructor int pin  \n\n---\n```cpp\n// In Jormi_Pulsador\npublic: Jormi_Pulsador(byte pin, bool tipo)\n```"},"range":{"start":{"line":10,"character":28},"end":{"line":10,"character":29}}},"jsonrpc":"2.0"}
<<<
Content-Length: 265

{"jsonrpc":"2.0","id":28,"method":"textDocument/hover","params":{"textDocument":{"uri":"file:///c%3A/Users/jormaz/Documents/Arduino/libraries/Jormi_Pulsador/ejemplo_Jormi_Pulsador_PullDown/ejemplo_Jormi_Pulsador_PullDown.ino"},"position":{"line":9,"character":27}}}
>>>
Content-Length: 39

{"id":28,"result":null,"jsonrpc":"2.0"}
<<<
Content-Length: 277

{"jsonrpc":"2.0","id":29,"method":"textDocument/documentHighlight","params":{"textDocument":{"uri":"file:///c%3A/Users/jormaz/Documents/Arduino/libraries/Jormi_Pulsador/ejemplo_Jormi_Pulsador_PullDown/ejemplo_Jormi_Pulsador_PullDown.ino"},"position":{"line":9,"character":28}}}
>>>
Content-Length: 123

{"id":29,"result":[{"range":{"start":{"line":9,"character":15},"end":{"line":9,"character":25}},"kind":1}],"jsonrpc":"2.0"}
<<<
Content-Length: 338

{"jsonrpc":"2.0","id":30,"method":"textDocument/codeAction","params":{"textDocument":{"uri":"file:///c%3A/Users/jormaz/Documents/Arduino/libraries/Jormi_Pulsador/ejemplo_Jormi_Pulsador_PullDown/ejemplo_Jormi_Pulsador_PullDown.ino"},"range":{"start":{"line":9,"character":28},"end":{"line":9,"character":28}},"context":{"diagnostics":[]}}}
>>>
Content-Length: 37

{"id":30,"result":[],"jsonrpc":"2.0"}
<<<
Content-Length: 359

{"jsonrpc":"2.0","method":"textDocument/didChange","params":{"textDocument":{"uri":"file:///c%3A/Users/jormaz/Documents/Arduino/libraries/Jormi_Pulsador/ejemplo_Jormi_Pulsador_PullDown/ejemplo_Jormi_Pulsador_PullDown.ino","version":4},"contentChanges":[{"range":{"start":{"line":9,"character":27},"end":{"line":9,"character":28}},"rangeLength":1,"text":""}]}}
>>>
Content-Length: 111

{"method":"window/workDoneProgress/create","params":{"token":"backgroundIndexProgress"},"id":2,"jsonrpc":"2.0"}
<<<
Content-Length: 38

{"jsonrpc":"2.0","id":2,"result":null}
>>>
Content-Length: 143

{"method":"$/progress","params":{"token":"backgroundIndexProgress","value":{"title":"indexing","percentage":0,"kind":"begin"}},"jsonrpc":"2.0"}Content-Length: 107

{"method":"$/progress","params":{"token":"backgroundIndexProgress","value":{"kind":"end"}},"jsonrpc":"2.0"}
<<<
Content-Length: 338

{"jsonrpc":"2.0","id":31,"method":"textDocument/codeAction","params":{"textDocument":{"uri":"file:///c%3A/Users/jormaz/Documents/Arduino/libraries/Jormi_Pulsador/ejemplo_Jormi_Pulsador_PullDown/ejemplo_Jormi_Pulsador_PullDown.ino"},"range":{"start":{"line":9,"character":27},"end":{"line":9,"character":27}},"context":{"diagnostics":[]}}}
>>>
Content-Length: 37

{"id":31,"result":[],"jsonrpc":"2.0"}
<<<
Content-Length: 234

{"jsonrpc":"2.0","method":"textDocument/didSave","params":{"textDocument":{"uri":"file:///c%3A/Users/jormaz/Documents/Arduino/libraries/Jormi_Pulsador/ejemplo_Jormi_Pulsador_PullDown/ejemplo_Jormi_Pulsador_PullDown.ino","version":4}}}Content-Length: 360

{"jsonrpc":"2.0","method":"textDocument/didChange","params":{"textDocument":{"uri":"file:///c%3A/Users/jormaz/Documents/Arduino/libraries/Jormi_Pulsador/ejemplo_Jormi_Pulsador_PullDown/ejemplo_Jormi_Pulsador_PullDown.ino","version":5},"contentChanges":[{"range":{"start":{"line":9,"character":27},"end":{"line":9,"character":27}},"rangeLength":0,"text":"1"}]}}Content-Length: 338

{"jsonrpc":"2.0","id":32,"method":"textDocument/codeAction","params":{"textDocument":{"uri":"file:///c%3A/Users/jormaz/Documents/Arduino/libraries/Jormi_Pulsador/ejemplo_Jormi_Pulsador_PullDown/ejemplo_Jormi_Pulsador_PullDown.ino"},"range":{"start":{"line":9,"character":28},"end":{"line":9,"character":28}},"context":{"diagnostics":[]}}}
>>>
Content-Length: 37

{"id":32,"result":[],"jsonrpc":"2.0"}
<<<
Content-Length: 234

{"jsonrpc":"2.0","method":"textDocument/didSave","params":{"textDocument":{"uri":"file:///c%3A/Users/jormaz/Documents/Arduino/libraries/Jormi_Pulsador/ejemplo_Jormi_Pulsador_PullDown/ejemplo_Jormi_Pulsador_PullDown.ino","version":5}}}Content-Length: 264

{"jsonrpc":"2.0","id":33,"method":"textDocument/hover","params":{"textDocument":{"uri":"file:///c%3A/Users/jormaz/Documents/Arduino/libraries/Jormi_Pulsador/ejemplo_Jormi_Pulsador_PullDown/ejemplo_Jormi_Pulsador_PullDown.ino"},"position":{"line":0,"character":4}}}
>>>
Content-Length: 39

{"id":33,"result":null,"jsonrpc":"2.0"}
<<<
Content-Length: 264

{"jsonrpc":"2.0","id":34,"method":"textDocument/hover","params":{"textDocument":{"uri":"file:///c%3A/Users/jormaz/Documents/Arduino/libraries/Jormi_Pulsador/ejemplo_Jormi_Pulsador_PullDown/ejemplo_Jormi_Pulsador_PullDown.ino"},"position":{"line":2,"character":9}}}
>>>
Content-Length: 39

{"id":34,"result":null,"jsonrpc":"2.0"}
<<<
Content-Length: 265

{"jsonrpc":"2.0","id":35,"method":"textDocument/hover","params":{"textDocument":{"uri":"file:///c%3A/Users/jormaz/Documents/Arduino/libraries/Jormi_Pulsador/ejemplo_Jormi_Pulsador_PullDown/ejemplo_Jormi_Pulsador_PullDown.ino"},"position":{"line":3,"character":15}}}
>>>
Content-Length: 39

{"id":35,"result":null,"jsonrpc":"2.0"}
<<<
Content-Length: 266

{"jsonrpc":"2.0","id":36,"method":"textDocument/hover","params":{"textDocument":{"uri":"file:///c%3A/Users/jormaz/Documents/Arduino/libraries/Jormi_Pulsador/ejemplo_Jormi_Pulsador_PullDown/ejemplo_Jormi_Pulsador_PullDown.ino"},"position":{"line":10,"character":17}}}
>>>
Content-Length: 297

{"id":36,"result":{"contents":{"kind":"markdown","value":"### constructor `Jormi_Led`  \n\n---\nConstructor, inicio con led apagado  \n\n---\n```cpp\n// In Jormi_Led\npublic: Jormi_Led(byte pin)\n```"},"range":{"start":{"line":11,"character":17},"end":{"line":11,"character":18}}},"jsonrpc":"2.0"}
<<<
Content-Length: 63

{"jsonrpc":"2.0","method":"$/cancelRequest","params":{"id":36}}Content-Length: 266

{"jsonrpc":"2.0","id":37,"method":"textDocument/hover","params":{"textDocument":{"uri":"file:///c%3A/Users/jormaz/Documents/Arduino/libraries/Jormi_Pulsador/ejemplo_Jormi_Pulsador_PullDown/ejemplo_Jormi_Pulsador_PullDown.ino"},"position":{"line":10,"character":17}}}
>>>
Content-Length: 297

{"id":37,"result":{"contents":{"kind":"markdown","value":"### constructor `Jormi_Led`  \n\n---\nConstructor, inicio con led apagado  \n\n---\n```cpp\n// In Jormi_Led\npublic: Jormi_Led(byte pin)\n```"},"range":{"start":{"line":11,"character":17},"end":{"line":11,"character":18}}},"jsonrpc":"2.0"}
<<<
Content-Length: 266

{"jsonrpc":"2.0","id":38,"method":"textDocument/hover","params":{"textDocument":{"uri":"file:///c%3A/Users/jormaz/Documents/Arduino/libraries/Jormi_Pulsador/ejemplo_Jormi_Pulsador_PullDown/ejemplo_Jormi_Pulsador_PullDown.ino"},"position":{"line":10,"character":17}}}
>>>
Content-Length: 297

{"id":38,"result":{"contents":{"kind":"markdown","value":"### constructor `Jormi_Led`  \n\n---\nConstructor, inicio con led apagado  \n\n---\n```cpp\n// In Jormi_Led\npublic: Jormi_Led(byte pin)\n```"},"range":{"start":{"line":11,"character":17},"end":{"line":11,"character":18}}},"jsonrpc":"2.0"}
<<<
Content-Length: 266

{"jsonrpc":"2.0","id":39,"method":"textDocument/hover","params":{"textDocument":{"uri":"file:///c%3A/Users/jormaz/Documents/Arduino/libraries/Jormi_Pulsador/ejemplo_Jormi_Pulsador_PullDown/ejemplo_Jormi_Pulsador_PullDown.ino"},"position":{"line":10,"character":16}}}
>>>
Content-Length: 39

{"id":39,"result":null,"jsonrpc":"2.0"}
<<<
Content-Length: 278

{"jsonrpc":"2.0","id":40,"method":"textDocument/documentHighlight","params":{"textDocument":{"uri":"file:///c%3A/Users/jormaz/Documents/Arduino/libraries/Jormi_Pulsador/ejemplo_Jormi_Pulsador_PullDown/ejemplo_Jormi_Pulsador_PullDown.ino"},"position":{"line":10,"character":17}}}
>>>
Content-Length: 125

{"id":40,"result":[{"range":{"start":{"line":10,"character":10},"end":{"line":10,"character":15}},"kind":1}],"jsonrpc":"2.0"}
<<<
Content-Length: 340

{"jsonrpc":"2.0","id":41,"method":"textDocument/codeAction","params":{"textDocument":{"uri":"file:///c%3A/Users/jormaz/Documents/Arduino/libraries/Jormi_Pulsador/ejemplo_Jormi_Pulsador_PullDown/ejemplo_Jormi_Pulsador_PullDown.ino"},"range":{"start":{"line":10,"character":17},"end":{"line":10,"character":17}},"context":{"diagnostics":[]}}}
>>>
Content-Length: 37

{"id":41,"result":[],"jsonrpc":"2.0"}
<<<
Content-Length: 361

{"jsonrpc":"2.0","method":"textDocument/didChange","params":{"textDocument":{"uri":"file:///c%3A/Users/jormaz/Documents/Arduino/libraries/Jormi_Pulsador/ejemplo_Jormi_Pulsador_PullDown/ejemplo_Jormi_Pulsador_PullDown.ino","version":6},"contentChanges":[{"range":{"start":{"line":10,"character":16},"end":{"line":10,"character":17}},"rangeLength":1,"text":""}]}}
>>>
Content-Length: 1015

{"method":"textDocument/publishDiagnostics","params":{"uri":"file:///c%3A/Users/jormaz/Documents/Arduino/libraries/Jormi_Pulsador/ejemplo_Jormi_Pulsador_PullDown/ejemplo_Jormi_Pulsador_PullDown.ino","diagnostics":[{"range":{"start":{"line":28,"character":2},"end":{"line":28,"character":7}},"severity":1,"code":"member_reference_needs_call","source":"clang","message":"Base of member reference is a function; perhaps you meant to call it with no arguments? (fix available)"},{"range":{"start":{"line":31,"character":4},"end":{"line":31,"character":9}},"severity":1,"code":"member_reference_needs_call","source":"clang","message":"Base of member reference is a function; perhaps you meant to call it with no arguments? (fix available)"},{"range":{"start":{"line":33,"character":4},"end":{"line":33,"character":9}},"severity":1,"code":"member_reference_needs_call","source":"clang","message":"Base of member reference is a function; perhaps you meant to call it with no arguments? (fix available)"}]},"jsonrpc":"2.0"}
<<<
Content-Length: 340

{"jsonrpc":"2.0","id":42,"method":"textDocument/codeAction","params":{"textDocument":{"uri":"file:///c%3A/Users/jormaz/Documents/Arduino/libraries/Jormi_Pulsador/ejemplo_Jormi_Pulsador_PullDown/ejemplo_Jormi_Pulsador_PullDown.ino"},"range":{"start":{"line":10,"character":16},"end":{"line":10,"character":16}},"context":{"diagnostics":[]}}}
>>>
Content-Length: 37

{"id":42,"result":[],"jsonrpc":"2.0"}
<<<
Content-Length: 234

{"jsonrpc":"2.0","method":"textDocument/didSave","params":{"textDocument":{"uri":"file:///c%3A/Users/jormaz/Documents/Arduino/libraries/Jormi_Pulsador/ejemplo_Jormi_Pulsador_PullDown/ejemplo_Jormi_Pulsador_PullDown.ino","version":6}}}Content-Length: 340

{"jsonrpc":"2.0","id":43,"method":"textDocument/codeAction","params":{"textDocument":{"uri":"file:///c%3A/Users/jormaz/Documents/Arduino/libraries/Jormi_Pulsador/ejemplo_Jormi_Pulsador_PullDown/ejemplo_Jormi_Pulsador_PullDown.ino"},"range":{"start":{"line":10,"character":16},"end":{"line":10,"character":16}},"context":{"diagnostics":[]}}}Content-Length: 362

{"jsonrpc":"2.0","method":"textDocument/didChange","params":{"textDocument":{"uri":"file:///c%3A/Users/jormaz/Documents/Arduino/libraries/Jormi_Pulsador/ejemplo_Jormi_Pulsador_PullDown/ejemplo_Jormi_Pulsador_PullDown.ino","version":7},"contentChanges":[{"range":{"start":{"line":10,"character":16},"end":{"line":10,"character":16}},"rangeLength":0,"text":"1"}]}}Content-Length: 63

{"jsonrpc":"2.0","method":"$/cancelRequest","params":{"id":43}}
>>>
Content-Length: 37

{"id":43,"result":[],"jsonrpc":"2.0"}
<<<
Content-Length: 362

{"jsonrpc":"2.0","method":"textDocument/didChange","params":{"textDocument":{"uri":"file:///c%3A/Users/jormaz/Documents/Arduino/libraries/Jormi_Pulsador/ejemplo_Jormi_Pulsador_PullDown/ejemplo_Jormi_Pulsador_PullDown.ino","version":8},"contentChanges":[{"range":{"start":{"line":10,"character":17},"end":{"line":10,"character":17}},"rangeLength":0,"text":"0"}]}}Content-Length: 340

{"jsonrpc":"2.0","id":44,"method":"textDocument/codeAction","params":{"textDocument":{"uri":"file:///c%3A/Users/jormaz/Documents/Arduino/libraries/Jormi_Pulsador/ejemplo_Jormi_Pulsador_PullDown/ejemplo_Jormi_Pulsador_PullDown.ino"},"range":{"start":{"line":10,"character":18},"end":{"line":10,"character":18}},"context":{"diagnostics":[]}}}
>>>
Content-Length: 37

{"id":44,"result":[],"jsonrpc":"2.0"}Content-Length: 233

{"method":"textDocument/publishDiagnostics","params":{"uri":"file:///c%3A/Users/jormaz/Documents/Arduino/libraries/Jormi_Pulsador/ejemplo_Jormi_Pulsador_PullDown/ejemplo_Jormi_Pulsador_PullDown.ino","diagnostics":[]},"jsonrpc":"2.0"}
<<<
Content-Length: 234

{"jsonrpc":"2.0","method":"textDocument/didSave","params":{"textDocument":{"uri":"file:///c%3A/Users/jormaz/Documents/Arduino/libraries/Jormi_Pulsador/ejemplo_Jormi_Pulsador_PullDown/ejemplo_Jormi_Pulsador_PullDown.ino","version":8}}}Content-Length: 340

{"jsonrpc":"2.0","id":45,"method":"textDocument/codeAction","params":{"textDocument":{"uri":"file:///c%3A/Users/jormaz/Documents/Arduino/libraries/Jormi_Pulsador/ejemplo_Jormi_Pulsador_PullDown/ejemplo_Jormi_Pulsador_PullDown.ino"},"range":{"start":{"line":10,"character":18},"end":{"line":10,"character":18}},"context":{"diagnostics":[]}}}
>>>
Content-Length: 37

{"id":45,"result":[],"jsonrpc":"2.0"}
<<<
Content-Length: 59

{"jsonrpc":"2.0","id":46,"method":"shutdown","params":null}
>>>
Content-Length: 39

{"id":46,"result":null,"jsonrpc":"2.0"}
<<<
Content-Length: 47

{"jsonrpc":"2.0","method":"exit","params":null}